04-04-2022 11:49:57.418 [Gauge] [DEBUG] Created gauge_screenshots_dir at C:\Users\testinium\IdeaProjects\seleniumproje\projeselenium\EducationGauge\OzdilekProje\.gauge\screenshots
04-04-2022 11:49:57.434 [Gauge] [DEBUG] Plugin java is already installed.
04-04-2022 11:49:57.440 [Gauge] [DEBUG] Plugin html-report is already installed.
04-04-2022 11:49:57.441 [Gauge] [DEBUG] Parsing started.
04-04-2022 11:49:57.441 [Gauge] [DEBUG] Started concepts parsing.
04-04-2022 11:49:57.443 [Gauge] [ERROR] Concept parse failure: C:\Users\testinium\IdeaProjects\seleniumproje\projeselenium\EducationGauge\OzdilekProje\specs\Login.cpt C:\Users\testinium\IdeaProjects\seleniumproje\projeselenium\EducationGauge\OzdilekProje\specs\Login.cpt:5 Dynamic parameter <2> could not be resolved => '<2> saniye kadar bekle'
04-04-2022 11:49:57.443 [Gauge] [ERROR] Concept parse failure: C:\Users\testinium\IdeaProjects\seleniumproje\projeselenium\EducationGauge\OzdilekProje\specs\Login.cpt C:\Users\testinium\IdeaProjects\seleniumproje\projeselenium\EducationGauge\OzdilekProje\specs\Login.cpt:6 Dynamic parameter <//*[@resource-id='com.ozdilek.ozdilekteyim:id/tv_startShoppingStore']> could not be resolved => 'Xpath <//*[@resource-id='com.ozdilek.ozdilekteyim:id/tv_startShoppingStore']> li alışverişe başla butonuna basıldı'
04-04-2022 11:49:57.443 [Gauge] [ERROR] [ParseError] C:\Users\testinium\IdeaProjects\seleniumproje\projeselenium\EducationGauge\OzdilekProje\specs\Login.cpt:5 Dynamic parameter <2> could not be resolved => '<2> saniye kadar bekle'
04-04-2022 11:49:57.443 [Gauge] [ERROR] [ParseError] C:\Users\testinium\IdeaProjects\seleniumproje\projeselenium\EducationGauge\OzdilekProje\specs\Login.cpt:6 Dynamic parameter <//*[@resource-id='com.ozdilek.ozdilekteyim:id/tv_startShoppingStore']> could not be resolved => 'Xpath <//*[@resource-id='com.ozdilek.ozdilekteyim:id/tv_startShoppingStore']> li alışverişe başla butonuna basıldı'
04-04-2022 11:49:57.443 [Gauge] [DEBUG] 1 concepts parsing completed.
04-04-2022 11:49:57.443 [Gauge] [DEBUG] Started specifications parsing.
04-04-2022 11:49:57.444 [Gauge] [DEBUG] 1 specifications parsing completed.
04-04-2022 11:49:57.444 [Gauge] [DEBUG] Parsing completed.
04-04-2022 11:49:58.086 [java] [DEBUG] ***** Printing Properties/Env Values *****
04-04-2022 11:49:58.086 [java] [DEBUG] PATH: C:\Windows\System32;C:\Users\testinium\AppData\Local\Microsoft\WindowsApps;C:\Program Files\JetBrains\IntelliJ IDEA Community Edition 2021.3.3\bin;C:\Users\testinium\AppData\Local\GitHubDesktop\bin;C:\Users\testinium\AppData\Local\Android\Sdk\platform-tools;C:\Users\testinium\AppData\Local\Android\Sdk\platforms;C:\Users\testinium\AppData\Local\Android\Sdk\build-tools;C:\Users\testinium\AppData\Local\Android\Sdk\tools;C:\Program Files\Java\jdk1.8.0_321\bin;C:\Program Files (x86)\Common Files\Oracle\Java\javapath;C:\Windows;C:\Windows\System32\Wbem;C:\Windows\System32\OpenSSH\;C:\Windows\System32\WindowsPowerShell\v1.0\;C:\Program Files\NVIDIA Corporation\NVIDIA NvDLISR;C:\Program Files\Git\cmd;C:\Program Files\nodejs\;C:\Program Files\apache-maven-3.8.5\bin;C:\Program Files (x86)\Micro Focus\Unified Functional Testing\bin;C:\Program Files\Gauge\bin;C:\Users\testinium\AppData\Local\Microsoft\WindowsApps;C:\Program Files\JetBrains\IntelliJ IDEA Community Edition 2021.3.3\bin;;C:\Users\testinium\AppData\Local\GitHubDesktop\bin;C:\Users\testinium\AppData\Local\Android\Sdk\platform-tools;C:\Users\testinium\AppData\Local\Android\Sdk\platforms;C:\Users\testinium\AppData\Local\Android\Sdk\build-tools;C:\Users\testinium\AppData\Local\Android\Sdk\platform-tools;C:\Users\testinium\AppData\Local\Android\Sdk\tools;%!A(MISSING)NDROID_HOME\build-tools%!;(MISSING)C:\Windows\System32;C:\Users\testinium\AppData\Local\Microsoft\WindowsApps;C:\Program Files\JetBrains\IntelliJ IDEA Community Edition 2021.3.3\bin;C:\Users\testinium\AppData\Local\GitHubDesktop\bin;C:\Users\testinium\AppData\Local\Android\Sdk\platform-tools;C:\Users\testinium\AppData\Local\Android\Sdk\platforms;C:\Users\testinium\AppData\Local\Android\Sdk\build-tools;C:\Users\testinium\AppData\Local\Android\Sdk\platform-tools;C:\Users\testinium\AppData\Local\Microsoft\WindowsApps;C:\Windows\System32;;C:\Users\testinium\AppData\Roaming\gauge\plugins\screenshot\0.0.1
04-04-2022 11:49:58.086 [java] [DEBUG] JAVA_HOME: C:\Program Files\Java\jdk1.8.0_321
04-04-2022 11:49:58.086 [java] [DEBUG] gauge_project_root: C:\Users\testinium\IdeaProjects\seleniumproje\projeselenium\EducationGauge\OzdilekProje
04-04-2022 11:49:58.086 [java] [DEBUG] gauge_parallel_streams_count: 
04-04-2022 11:49:58.086 [java] [DEBUG] gauge_reports_dir: reports
04-04-2022 11:49:58.086 [java] [DEBUG] overwrite_reports: true
04-04-2022 11:49:58.086 [java] [DEBUG] logs_directory: logs
04-04-2022 11:49:58.086 [java] [DEBUG] enable_multithreading: 
04-04-2022 11:49:58.086 [java] [DEBUG] gauge_specs_dir: specs
04-04-2022 11:49:58.086 [java] [DEBUG] csv_delimiter: ,
04-04-2022 11:49:58.086 [java] [DEBUG] gauge_java_home: 
04-04-2022 11:49:58.086 [java] [DEBUG] gauge_custom_build_path: 
04-04-2022 11:49:58.087 [java] [DEBUG] gauge_additional_libs: libs/*
04-04-2022 11:49:58.087 [java] [DEBUG] gauge_jvm_args: 
04-04-2022 11:49:58.087 [java] [DEBUG] gauge_custom_compile_dir: 
04-04-2022 11:49:58.087 [java] [DEBUG] gauge_clear_state_level: scenario
04-04-2022 11:49:58.087 [java] [DEBUG] ***** END *****
04-04-2022 11:49:58.261 [Gauge] [DEBUG] Checking updates...
04-04-2022 11:49:58.262 [Gauge] [DEBUG] Downloading https://downloads.gauge.org/plugin/html-report?l=java&p=html-report,java,screenshot,spectacle,xml-report&o=windows&a=386
04-04-2022 11:49:59.063 [Gauge] [DEBUG] Downloading https://downloads.gauge.org/plugin/java?l=java&p=html-report,java,screenshot,spectacle,xml-report&o=windows&a=386
04-04-2022 11:49:59.243 [Gauge] [DEBUG] Downloading https://downloads.gauge.org/plugin/screenshot?l=java&p=html-report,java,screenshot,spectacle,xml-report&o=windows&a=386
04-04-2022 11:49:59.501 [Gauge] [DEBUG] Downloading https://downloads.gauge.org/plugin/spectacle?l=java&p=html-report,java,screenshot,spectacle,xml-report&o=windows&a=386
04-04-2022 11:49:59.668 [Gauge] [DEBUG] Downloading https://downloads.gauge.org/plugin/xml-report?l=java&p=html-report,java,screenshot,spectacle,xml-report&o=windows&a=386
04-04-2022 11:50:28.083 [Gauge] [CRITICAL] Failed to start gauge API: Timed out connecting to java
04-04-2022 11:51:29.306 [Gauge] [DEBUG] Created gauge_screenshots_dir at C:\Users\testinium\IdeaProjects\seleniumproje\projeselenium\EducationGauge\OzdilekProje\.gauge\screenshots
04-04-2022 11:51:29.310 [Gauge] [DEBUG] Plugin html-report is already installed.
04-04-2022 11:51:29.311 [Gauge] [DEBUG] Plugin java is already installed.
04-04-2022 11:51:29.311 [Gauge] [DEBUG] Parsing started.
04-04-2022 11:51:29.311 [Gauge] [DEBUG] Started concepts parsing.
04-04-2022 11:51:29.315 [Gauge] [ERROR] Concept parse failure: C:\Users\testinium\IdeaProjects\seleniumproje\projeselenium\EducationGauge\OzdilekProje\specs\Login.cpt C:\Users\testinium\IdeaProjects\seleniumproje\projeselenium\EducationGauge\OzdilekProje\specs\Login.cpt:5 Dynamic parameter <2> could not be resolved => '<2> saniye kadar bekle'
04-04-2022 11:51:29.315 [Gauge] [ERROR] Concept parse failure: C:\Users\testinium\IdeaProjects\seleniumproje\projeselenium\EducationGauge\OzdilekProje\specs\Login.cpt C:\Users\testinium\IdeaProjects\seleniumproje\projeselenium\EducationGauge\OzdilekProje\specs\Login.cpt:6 Dynamic parameter <//*[@resource-id='com.ozdilek.ozdilekteyim:id/tv_startShoppingStore']> could not be resolved => 'Xpath <//*[@resource-id='com.ozdilek.ozdilekteyim:id/tv_startShoppingStore']> li alışverişe başla butonuna basıldı'
04-04-2022 11:51:29.315 [Gauge] [ERROR] [ParseError] C:\Users\testinium\IdeaProjects\seleniumproje\projeselenium\EducationGauge\OzdilekProje\specs\Login.cpt:5 Dynamic parameter <2> could not be resolved => '<2> saniye kadar bekle'
04-04-2022 11:51:29.315 [Gauge] [ERROR] [ParseError] C:\Users\testinium\IdeaProjects\seleniumproje\projeselenium\EducationGauge\OzdilekProje\specs\Login.cpt:6 Dynamic parameter <//*[@resource-id='com.ozdilek.ozdilekteyim:id/tv_startShoppingStore']> could not be resolved => 'Xpath <//*[@resource-id='com.ozdilek.ozdilekteyim:id/tv_startShoppingStore']> li alışverişe başla butonuna basıldı'
04-04-2022 11:51:29.315 [Gauge] [DEBUG] 1 concepts parsing completed.
04-04-2022 11:51:29.315 [Gauge] [DEBUG] Started specifications parsing.
04-04-2022 11:51:29.315 [Gauge] [DEBUG] 1 specifications parsing completed.
04-04-2022 11:51:29.316 [Gauge] [DEBUG] Parsing completed.
04-04-2022 11:51:29.346 [java] [DEBUG] ***** Printing Properties/Env Values *****
04-04-2022 11:51:29.347 [java] [DEBUG] PATH: C:\Windows\System32;C:\Users\testinium\AppData\Local\Microsoft\WindowsApps;C:\Program Files\JetBrains\IntelliJ IDEA Community Edition 2021.3.3\bin;C:\Users\testinium\AppData\Local\GitHubDesktop\bin;C:\Users\testinium\AppData\Local\Android\Sdk\platform-tools;C:\Users\testinium\AppData\Local\Android\Sdk\platforms;C:\Users\testinium\AppData\Local\Android\Sdk\build-tools;C:\Users\testinium\AppData\Local\Android\Sdk\tools;C:\Program Files\Java\jdk1.8.0_321\bin;C:\Program Files (x86)\Common Files\Oracle\Java\javapath;C:\Windows;C:\Windows\System32\Wbem;C:\Windows\System32\OpenSSH\;C:\Windows\System32\WindowsPowerShell\v1.0\;C:\Program Files\NVIDIA Corporation\NVIDIA NvDLISR;C:\Program Files\Git\cmd;C:\Program Files\nodejs\;C:\Program Files\apache-maven-3.8.5\bin;C:\Program Files (x86)\Micro Focus\Unified Functional Testing\bin;C:\Program Files\Gauge\bin;C:\Users\testinium\AppData\Local\Microsoft\WindowsApps;C:\Program Files\JetBrains\IntelliJ IDEA Community Edition 2021.3.3\bin;;C:\Users\testinium\AppData\Local\GitHubDesktop\bin;C:\Users\testinium\AppData\Local\Android\Sdk\platform-tools;C:\Users\testinium\AppData\Local\Android\Sdk\platforms;C:\Users\testinium\AppData\Local\Android\Sdk\build-tools;C:\Users\testinium\AppData\Local\Android\Sdk\platform-tools;C:\Users\testinium\AppData\Local\Android\Sdk\tools;%!A(MISSING)NDROID_HOME\build-tools%!;(MISSING)C:\Windows\System32;C:\Users\testinium\AppData\Local\Microsoft\WindowsApps;C:\Program Files\JetBrains\IntelliJ IDEA Community Edition 2021.3.3\bin;C:\Users\testinium\AppData\Local\GitHubDesktop\bin;C:\Users\testinium\AppData\Local\Android\Sdk\platform-tools;C:\Users\testinium\AppData\Local\Android\Sdk\platforms;C:\Users\testinium\AppData\Local\Android\Sdk\build-tools;C:\Users\testinium\AppData\Local\Android\Sdk\platform-tools;C:\Users\testinium\AppData\Local\Microsoft\WindowsApps;C:\Windows\System32;;C:\Users\testinium\AppData\Roaming\gauge\plugins\screenshot\0.0.1
04-04-2022 11:51:29.347 [java] [DEBUG] JAVA_HOME: C:\Program Files\Java\jdk1.8.0_321
04-04-2022 11:51:29.347 [java] [DEBUG] gauge_project_root: C:\Users\testinium\IdeaProjects\seleniumproje\projeselenium\EducationGauge\OzdilekProje
04-04-2022 11:51:29.347 [java] [DEBUG] gauge_parallel_streams_count: 
04-04-2022 11:51:29.347 [java] [DEBUG] gauge_reports_dir: reports
04-04-2022 11:51:29.347 [java] [DEBUG] overwrite_reports: true
04-04-2022 11:51:29.347 [java] [DEBUG] logs_directory: logs
04-04-2022 11:51:29.347 [java] [DEBUG] enable_multithreading: 
04-04-2022 11:51:29.347 [java] [DEBUG] gauge_specs_dir: specs
04-04-2022 11:51:29.347 [java] [DEBUG] csv_delimiter: ,
04-04-2022 11:51:29.347 [java] [DEBUG] gauge_java_home: 
04-04-2022 11:51:29.347 [java] [DEBUG] gauge_custom_build_path: 
04-04-2022 11:51:29.347 [java] [DEBUG] gauge_additional_libs: libs/*
04-04-2022 11:51:29.347 [java] [DEBUG] gauge_jvm_args: 
04-04-2022 11:51:29.347 [java] [DEBUG] gauge_custom_compile_dir: 
04-04-2022 11:51:29.347 [java] [DEBUG] gauge_clear_state_level: scenario
04-04-2022 11:51:29.347 [java] [DEBUG] ***** END *****
04-04-2022 11:51:30.182 [Gauge] [DEBUG] Checking updates...
04-04-2022 11:51:30.184 [Gauge] [DEBUG] Downloading https://downloads.gauge.org/plugin/html-report?l=java&p=html-report,java,screenshot,spectacle,xml-report&o=windows&a=386
04-04-2022 11:51:31.103 [Gauge] [DEBUG] Downloading https://downloads.gauge.org/plugin/java?l=java&p=html-report,java,screenshot,spectacle,xml-report&o=windows&a=386
04-04-2022 11:51:31.267 [Gauge] [DEBUG] Downloading https://downloads.gauge.org/plugin/screenshot?l=java&p=html-report,java,screenshot,spectacle,xml-report&o=windows&a=386
04-04-2022 11:51:31.410 [Gauge] [DEBUG] Downloading https://downloads.gauge.org/plugin/spectacle?l=java&p=html-report,java,screenshot,spectacle,xml-report&o=windows&a=386
04-04-2022 11:51:31.573 [Gauge] [DEBUG] Downloading https://downloads.gauge.org/plugin/xml-report?l=java&p=html-report,java,screenshot,spectacle,xml-report&o=windows&a=386
04-04-2022 11:51:32.225 [java] [ERROR] Installed version of gauge-java (0.8.1) does not match with dependency gauge-java (0.7.3) specified in pom.xml file
04-04-2022 11:51:32.225 [java] [DEBUG] classpath set to C:\Program Files\Java\jdk1.8.0_321\jre\lib\charsets.jar;C:\Program Files\Java\jdk1.8.0_321\jre\lib\deploy.jar;C:\Program Files\Java\jdk1.8.0_321\jre\lib\ext\access-bridge-64.jar;C:\Program Files\Java\jdk1.8.0_321\jre\lib\ext\cldrdata.jar;C:\Program Files\Java\jdk1.8.0_321\jre\lib\ext\dnsns.jar;C:\Program Files\Java\jdk1.8.0_321\jre\lib\ext\jaccess.jar;C:\Program Files\Java\jdk1.8.0_321\jre\lib\ext\jfxrt.jar;C:\Program Files\Java\jdk1.8.0_321\jre\lib\ext\localedata.jar;C:\Program Files\Java\jdk1.8.0_321\jre\lib\ext\nashorn.jar;C:\Program Files\Java\jdk1.8.0_321\jre\lib\ext\sunec.jar;C:\Program Files\Java\jdk1.8.0_321\jre\lib\ext\sunjce_provider.jar;C:\Program Files\Java\jdk1.8.0_321\jre\lib\ext\sunmscapi.jar;C:\Program Files\Java\jdk1.8.0_321\jre\lib\ext\sunpkcs11.jar;C:\Program Files\Java\jdk1.8.0_321\jre\lib\ext\zipfs.jar;C:\Program Files\Java\jdk1.8.0_321\jre\lib\javaws.jar;C:\Program Files\Java\jdk1.8.0_321\jre\lib\jce.jar;C:\Program Files\Java\jdk1.8.0_321\jre\lib\jfr.jar;C:\Program Files\Java\jdk1.8.0_321\jre\lib\jfxswt.jar;C:\Program Files\Java\jdk1.8.0_321\jre\lib\jsse.jar;C:\Program Files\Java\jdk1.8.0_321\jre\lib\management-agent.jar;C:\Program Files\Java\jdk1.8.0_321\jre\lib\plugin.jar;C:\Program Files\Java\jdk1.8.0_321\jre\lib\resources.jar;C:\Program Files\Java\jdk1.8.0_321\jre\lib\rt.jar;C:\Users\testinium\IdeaProjects\seleniumproje\projeselenium\EducationGauge\OzdilekProje\target\test-classes;C:\Users\testinium\.m2\repository\junit\junit\4.12\junit-4.12.jar;C:\Users\testinium\.m2\repository\org\hamcrest\hamcrest-core\1.3\hamcrest-core-1.3.jar;C:\Users\testinium\.m2\repository\com\thoughtworks\gauge\gauge-java\0.7.3\gauge-java-0.7.3.jar;C:\Users\testinium\.m2\repository\org\assertj\assertj-core\3.14.0\assertj-core-3.14.0.jar;C:\Users\testinium\.m2\repository\org\reflections\reflections\0.9.11\reflections-0.9.11.jar;C:\Users\testinium\.m2\repository\org\javassist\javassist\3.21.0-GA\javassist-3.21.0-GA.jar;C:\Users\testinium\.m2\repository\com\github\javaparser\javaparser-core\2.5.1\javaparser-core-2.5.1.jar;C:\Users\testinium\.m2\repository\commons-io\commons-io\2.6\commons-io-2.6.jar;C:\Users\testinium\.m2\repository\commons-lang\commons-lang\2.6\commons-lang-2.6.jar;C:\Users\testinium\.m2\repository\org\json\json\20190722\json-20190722.jar;C:\Users\testinium\.m2\repository\com\google\protobuf\protobuf-java\3.10.0\protobuf-java-3.10.0.jar;C:\Users\testinium\.m2\repository\com\google\guava\guava\28.1-jre\guava-28.1-jre.jar;C:\Users\testinium\.m2\repository\com\google\guava\failureaccess\1.0.1\failureaccess-1.0.1.jar;C:\Users\testinium\.m2\repository\com\google\guava\listenablefuture\9999.0-empty-to-avoid-conflict-with-guava\listenablefuture-9999.0-empty-to-avoid-conflict-with-guava.jar;C:\Users\testinium\.m2\repository\com\google\code\findbugs\jsr305\3.0.2\jsr305-3.0.2.jar;C:\Users\testinium\.m2\repository\org\checkerframework\checker-qual\2.8.1\checker-qual-2.8.1.jar;C:\Users\testinium\.m2\repository\com\google\errorprone\error_prone_annotations\2.3.2\error_prone_annotations-2.3.2.jar;C:\Users\testinium\.m2\repository\com\google\j2objc\j2objc-annotations\1.3\j2objc-annotations-1.3.jar;C:\Users\testinium\.m2\repository\org\codehaus\mojo\animal-sniffer-annotations\1.18\animal-sniffer-annotations-1.18.jar;C:\Users\testinium\.m2\repository\io\grpc\grpc-netty-shaded\1.25.0\grpc-netty-shaded-1.25.0.jar;C:\Users\testinium\.m2\repository\io\grpc\grpc-core\1.25.0\grpc-core-1.25.0.jar;C:\Users\testinium\.m2\repository\io\grpc\grpc-api\1.25.0\grpc-api-1.25.0.jar;C:\Users\testinium\.m2\repository\io\grpc\grpc-context\1.25.0\grpc-context-1.25.0.jar;C:\Users\testinium\.m2\repository\com\google\android\annotations\4.1.1.4\annotations-4.1.1.4.jar;C:\Users\testinium\.m2\repository\io\perfmark\perfmark-api\0.19.0\perfmark-api-0.19.0.jar;C:\Users\testinium\.m2\repository\io\opencensus\opencensus-api\0.21.0\opencensus-api-0.21.0.jar;C:\Users\testinium\.m2\repository\io\opencensus\opencensus-contrib-grpc-metrics\0.21.0\opencensus-contrib-grpc-metrics-0.21.0.jar;C:\Users\testinium\.m2\repository\io\grpc\grpc-protobuf\1.24.1\grpc-protobuf-1.24.1.jar;C:\Users\testinium\.m2\repository\com\google\api\grpc\proto-google-common-protos\1.12.0\proto-google-common-protos-1.12.0.jar;C:\Users\testinium\.m2\repository\io\grpc\grpc-protobuf-lite\1.24.1\grpc-protobuf-lite-1.24.1.jar;C:\Users\testinium\.m2\repository\io\grpc\grpc-stub\1.24.1\grpc-stub-1.24.1.jar;C:\Users\testinium\.m2\repository\javax\annotation\javax.annotation-api\1.3.2\javax.annotation-api-1.3.2.jar;C:\Users\testinium\.m2\repository\io\appium\java-client\7.3.0\java-client-7.3.0.jar;C:\Users\testinium\.m2\repository\org\seleniumhq\selenium\selenium-java\3.141.59\selenium-java-3.141.59.jar;C:\Users\testinium\.m2\repository\org\seleniumhq\selenium\selenium-chrome-driver\3.141.59\selenium-chrome-driver-3.141.59.jar;C:\Users\testinium\.m2\repository\org\seleniumhq\selenium\selenium-edge-driver\3.141.59\selenium-edge-driver-3.141.59.jar;C:\Users\testinium\.m2\repository\org\seleniumhq\selenium\selenium-firefox-driver\3.141.59\selenium-firefox-driver-3.141.59.jar;C:\Users\testinium\.m2\repository\org\seleniumhq\selenium\selenium-ie-driver\3.141.59\selenium-ie-driver-3.141.59.jar;C:\Users\testinium\.m2\repository\org\seleniumhq\selenium\selenium-opera-driver\3.141.59\selenium-opera-driver-3.141.59.jar;C:\Users\testinium\.m2\repository\org\seleniumhq\selenium\selenium-remote-driver\3.141.59\selenium-remote-driver-3.141.59.jar;C:\Users\testinium\.m2\repository\org\seleniumhq\selenium\selenium-safari-driver\3.141.59\selenium-safari-driver-3.141.59.jar;C:\Users\testinium\.m2\repository\net\bytebuddy\byte-buddy\1.8.15\byte-buddy-1.8.15.jar;C:\Users\testinium\.m2\repository\org\apache\commons\commons-exec\1.3\commons-exec-1.3.jar;C:\Users\testinium\.m2\repository\com\squareup\okhttp3\okhttp\3.11.0\okhttp-3.11.0.jar;C:\Users\testinium\.m2\repository\com\squareup\okio\okio\1.14.0\okio-1.14.0.jar;C:\Users\testinium\.m2\repository\org\seleniumhq\selenium\selenium-support\3.141.59\selenium-support-3.141.59.jar;C:\Users\testinium\.m2\repository\org\seleniumhq\selenium\selenium-api\3.141.59\selenium-api-3.141.59.jar;C:\Users\testinium\.m2\repository\com\google\code\gson\gson\2.8.5\gson-2.8.5.jar;C:\Users\testinium\.m2\repository\org\apache\httpcomponents\httpclient\4.5.9\httpclient-4.5.9.jar;C:\Users\testinium\.m2\repository\org\apache\httpcomponents\httpcore\4.4.11\httpcore-4.4.11.jar;C:\Users\testinium\.m2\repository\commons-logging\commons-logging\1.2\commons-logging-1.2.jar;C:\Users\testinium\.m2\repository\commons-codec\commons-codec\1.11\commons-codec-1.11.jar;C:\Users\testinium\.m2\repository\cglib\cglib\3.2.12\cglib-3.2.12.jar;C:\Users\testinium\.m2\repository\org\ow2\asm\asm\7.1\asm-7.1.jar;C:\Users\testinium\.m2\repository\commons-validator\commons-validator\1.6\commons-validator-1.6.jar;C:\Users\testinium\.m2\repository\commons-beanutils\commons-beanutils\1.9.2\commons-beanutils-1.9.2.jar;C:\Users\testinium\.m2\repository\commons-digester\commons-digester\1.8.1\commons-digester-1.8.1.jar;C:\Users\testinium\.m2\repository\commons-collections\commons-collections\3.2.2\commons-collections-3.2.2.jar;C:\Users\testinium\.m2\repository\org\apache\commons\commons-lang3\3.9\commons-lang3-3.9.jar;C:\Users\testinium\.m2\repository\org\springframework\spring-context\5.1.8.RELEASE\spring-context-5.1.8.RELEASE.jar;C:\Users\testinium\.m2\repository\org\springframework\spring-aop\5.1.8.RELEASE\spring-aop-5.1.8.RELEASE.jar;C:\Users\testinium\.m2\repository\org\springframework\spring-beans\5.1.8.RELEASE\spring-beans-5.1.8.RELEASE.jar;C:\Users\testinium\.m2\repository\org\springframework\spring-core\5.1.8.RELEASE\spring-core-5.1.8.RELEASE.jar;C:\Users\testinium\.m2\repository\org\springframework\spring-jcl\5.1.8.RELEASE\spring-jcl-5.1.8.RELEASE.jar;C:\Users\testinium\.m2\repository\org\springframework\spring-expression\5.1.8.RELEASE\spring-expression-5.1.8.RELEASE.jar;C:\Users\testinium\.m2\repository\org\aspectj\aspectjweaver\1.9.4\aspectjweaver-1.9.4.jar;C:\Users\testinium\.m2\repository\org\slf4j\slf4j-api\1.7.30\slf4j-api-1.7.30.jar;C:\Users\testinium\.m2\repository\org\slf4j\slf4j-log4j12\1.7.30\slf4j-log4j12-1.7.30.jar;C:\Users\testinium\.m2\repository\log4j\log4j\1.2.17\log4j-1.2.17.jar
04-04-2022 11:51:32.286 [java] [DEBUG] found java executable in C:\Program Files\Java\jdk1.8.0_321\jre\bin\java.exe
04-04-2022 11:51:32.286 [java] [DEBUG] running - C:\Program Files\Java\jdk1.8.0_321\jre\bin\java.exe [-Dfile.encoding=UTF-8 com.thoughtworks.gauge.GaugeRuntime --start]
04-04-2022 11:51:32.286 [java] [DEBUG] stdout/stderr is logged to logs\14560-java.exe.out
04-04-2022 11:51:32.625 [java] [DEBUG] Connecting to port: 0
04-04-2022 11:51:32.647 [java] [CRITICAL] Error in thread 1
Format specifier '%!s(MISSING)'
java.util.MissingFormatArgumentException: Format specifier '%!s(MISSING)'
	at java.util.Formatter.format(Formatter.java:2519)
	at java.util.Formatter.format(Formatter.java:2455)
	at java.lang.String.format(String.java:2940)
	at com.thoughtworks.gauge.connection.GaugeConnector.connect(GaugeConnector.java:45)
	at com.thoughtworks.gauge.connection.GaugeConnector.makeConnectionsToGaugeCore(GaugeConnector.java:35)
	at com.thoughtworks.gauge.GaugeRuntime.makeConnection(GaugeRuntime.java:120)
	at com.thoughtworks.gauge.GaugeRuntime.connectSynchronously(GaugeRuntime.java:106)
	at com.thoughtworks.gauge.GaugeRuntime.startGaugeServer(GaugeRuntime.java:76)
	at com.thoughtworks.gauge.GaugeRuntime.main(GaugeRuntime.java:53)
04-04-2022 11:51:32.671 [java] [CRITICAL] process C:\Program Files\Java\jdk1.8.0_321\jre\bin\java.exe with pid 6224 quit unexpectedly. exit status 1
04-04-2022 11:51:32.705 [Gauge] [ERROR] Error occurred while waiting for runner process to finish.
Error : exit status 1
04-04-2022 11:51:59.334 [Gauge] [CRITICAL] Failed to start gauge API: Timed out connecting to java
04-04-2022 12:47:27.434 [Gauge] [DEBUG] Created gauge_screenshots_dir at C:\Users\testinium\IdeaProjects\seleniumproje\projeselenium\EducationGauge\OzdilekProje\.gauge\screenshots
04-04-2022 12:47:27.441 [Gauge] [DEBUG] Plugin java is already installed.
04-04-2022 12:47:27.442 [Gauge] [DEBUG] Plugin html-report is already installed.
04-04-2022 12:47:27.443 [Gauge] [DEBUG] Parsing started.
04-04-2022 12:47:27.443 [Gauge] [DEBUG] Started concepts parsing.
04-04-2022 12:47:27.449 [Gauge] [ERROR] Concept parse failure: C:\Users\testinium\IdeaProjects\seleniumproje\projeselenium\EducationGauge\OzdilekProje\specs\Login.cpt C:\Users\testinium\IdeaProjects\seleniumproje\projeselenium\EducationGauge\OzdilekProje\specs\Login.cpt:5 Dynamic parameter <2> could not be resolved => '<2> saniye kadar bekle'
04-04-2022 12:47:27.449 [Gauge] [ERROR] Concept parse failure: C:\Users\testinium\IdeaProjects\seleniumproje\projeselenium\EducationGauge\OzdilekProje\specs\Login.cpt C:\Users\testinium\IdeaProjects\seleniumproje\projeselenium\EducationGauge\OzdilekProje\specs\Login.cpt:6 Dynamic parameter <//*[@resource-id='com.ozdilek.ozdilekteyim:id/tv_startShoppingStore']> could not be resolved => 'Xpath <//*[@resource-id='com.ozdilek.ozdilekteyim:id/tv_startShoppingStore']> li alışverişe başla butonuna basıldı'
04-04-2022 12:47:27.449 [Gauge] [ERROR] [ParseError] C:\Users\testinium\IdeaProjects\seleniumproje\projeselenium\EducationGauge\OzdilekProje\specs\Login.cpt:5 Dynamic parameter <2> could not be resolved => '<2> saniye kadar bekle'
04-04-2022 12:47:27.449 [Gauge] [ERROR] [ParseError] C:\Users\testinium\IdeaProjects\seleniumproje\projeselenium\EducationGauge\OzdilekProje\specs\Login.cpt:6 Dynamic parameter <//*[@resource-id='com.ozdilek.ozdilekteyim:id/tv_startShoppingStore']> could not be resolved => 'Xpath <//*[@resource-id='com.ozdilek.ozdilekteyim:id/tv_startShoppingStore']> li alışverişe başla butonuna basıldı'
04-04-2022 12:47:27.449 [Gauge] [DEBUG] 1 concepts parsing completed.
04-04-2022 12:47:27.449 [Gauge] [DEBUG] Started specifications parsing.
04-04-2022 12:47:27.451 [Gauge] [DEBUG] 1 specifications parsing completed.
04-04-2022 12:47:27.452 [Gauge] [DEBUG] Parsing completed.
04-04-2022 12:47:28.195 [java] [DEBUG] ***** Printing Properties/Env Values *****
04-04-2022 12:47:28.196 [java] [DEBUG] PATH: C:\Windows\System32;C:\Users\testinium\AppData\Local\Microsoft\WindowsApps;C:\Program Files\JetBrains\IntelliJ IDEA Community Edition 2021.3.3\bin;C:\Users\testinium\AppData\Local\GitHubDesktop\bin;C:\Users\testinium\AppData\Local\Android\Sdk\platform-tools;C:\Users\testinium\AppData\Local\Android\Sdk\platforms;C:\Users\testinium\AppData\Local\Android\Sdk\build-tools;C:\Users\testinium\AppData\Local\Android\Sdk\tools;C:\Program Files\Java\jdk1.8.0_321\bin;C:\Program Files (x86)\Common Files\Oracle\Java\javapath;C:\Windows;C:\Windows\System32\Wbem;C:\Windows\System32\OpenSSH\;C:\Windows\System32\WindowsPowerShell\v1.0\;C:\Program Files\NVIDIA Corporation\NVIDIA NvDLISR;C:\Program Files\Git\cmd;C:\Program Files\nodejs\;C:\Program Files\apache-maven-3.8.5\bin;C:\Program Files (x86)\Micro Focus\Unified Functional Testing\bin;C:\Program Files\Gauge\bin;C:\Users\testinium\AppData\Local\Microsoft\WindowsApps;C:\Program Files\JetBrains\IntelliJ IDEA Community Edition 2021.3.3\bin;;C:\Users\testinium\AppData\Local\GitHubDesktop\bin;C:\Users\testinium\AppData\Local\Android\Sdk\platform-tools;C:\Users\testinium\AppData\Local\Android\Sdk\platforms;C:\Users\testinium\AppData\Local\Android\Sdk\build-tools;C:\Users\testinium\AppData\Local\Android\Sdk\platform-tools;C:\Users\testinium\AppData\Local\Android\Sdk\tools;%!A(MISSING)NDROID_HOME\build-tools%!;(MISSING)C:\Windows\System32;C:\Users\testinium\AppData\Local\Microsoft\WindowsApps;C:\Program Files\JetBrains\IntelliJ IDEA Community Edition 2021.3.3\bin;C:\Users\testinium\AppData\Local\GitHubDesktop\bin;C:\Users\testinium\AppData\Local\Android\Sdk\platform-tools;C:\Users\testinium\AppData\Local\Android\Sdk\platforms;C:\Users\testinium\AppData\Local\Android\Sdk\build-tools;C:\Users\testinium\AppData\Local\Android\Sdk\platform-tools;C:\Users\testinium\AppData\Local\Microsoft\WindowsApps;C:\Windows\System32;;C:\Users\testinium\AppData\Roaming\gauge\plugins\screenshot\0.0.1
04-04-2022 12:47:28.196 [java] [DEBUG] JAVA_HOME: C:\Program Files\Java\jdk1.8.0_321
04-04-2022 12:47:28.196 [java] [DEBUG] gauge_project_root: C:\Users\testinium\IdeaProjects\seleniumproje\projeselenium\EducationGauge\OzdilekProje
04-04-2022 12:47:28.196 [java] [DEBUG] gauge_parallel_streams_count: 
04-04-2022 12:47:28.196 [java] [DEBUG] gauge_reports_dir: reports
04-04-2022 12:47:28.196 [java] [DEBUG] overwrite_reports: true
04-04-2022 12:47:28.196 [java] [DEBUG] logs_directory: logs
04-04-2022 12:47:28.196 [java] [DEBUG] enable_multithreading: 
04-04-2022 12:47:28.196 [java] [DEBUG] gauge_specs_dir: specs
04-04-2022 12:47:28.196 [java] [DEBUG] csv_delimiter: ,
04-04-2022 12:47:28.196 [java] [DEBUG] gauge_java_home: 
04-04-2022 12:47:28.196 [java] [DEBUG] gauge_custom_build_path: 
04-04-2022 12:47:28.196 [java] [DEBUG] gauge_additional_libs: libs/*
04-04-2022 12:47:28.196 [java] [DEBUG] gauge_jvm_args: 
04-04-2022 12:47:28.196 [java] [DEBUG] gauge_custom_compile_dir: 
04-04-2022 12:47:28.196 [java] [DEBUG] gauge_clear_state_level: scenario
04-04-2022 12:47:28.196 [java] [DEBUG] ***** END *****
04-04-2022 12:47:28.238 [Gauge] [DEBUG] Checking updates...
04-04-2022 12:47:28.240 [Gauge] [DEBUG] Downloading https://downloads.gauge.org/plugin/html-report?l=java&p=html-report,java,screenshot,spectacle,xml-report&o=windows&a=386
04-04-2022 12:47:28.967 [Gauge] [DEBUG] Downloading https://downloads.gauge.org/plugin/java?l=java&p=html-report,java,screenshot,spectacle,xml-report&o=windows&a=386
04-04-2022 12:47:29.180 [Gauge] [DEBUG] Downloading https://downloads.gauge.org/plugin/screenshot?l=java&p=html-report,java,screenshot,spectacle,xml-report&o=windows&a=386
04-04-2022 12:47:29.339 [Gauge] [DEBUG] Downloading https://downloads.gauge.org/plugin/spectacle?l=java&p=html-report,java,screenshot,spectacle,xml-report&o=windows&a=386
04-04-2022 12:47:29.496 [Gauge] [DEBUG] Downloading https://downloads.gauge.org/plugin/xml-report?l=java&p=html-report,java,screenshot,spectacle,xml-report&o=windows&a=386
04-04-2022 12:47:30.927 [java] [ERROR] Installed version of gauge-java (0.8.1) does not match with dependency gauge-java (0.7.3) specified in pom.xml file
04-04-2022 12:47:30.927 [java] [DEBUG] classpath set to C:\Program Files\Java\jdk1.8.0_321\jre\lib\charsets.jar;C:\Program Files\Java\jdk1.8.0_321\jre\lib\deploy.jar;C:\Program Files\Java\jdk1.8.0_321\jre\lib\ext\access-bridge-64.jar;C:\Program Files\Java\jdk1.8.0_321\jre\lib\ext\cldrdata.jar;C:\Program Files\Java\jdk1.8.0_321\jre\lib\ext\dnsns.jar;C:\Program Files\Java\jdk1.8.0_321\jre\lib\ext\jaccess.jar;C:\Program Files\Java\jdk1.8.0_321\jre\lib\ext\jfxrt.jar;C:\Program Files\Java\jdk1.8.0_321\jre\lib\ext\localedata.jar;C:\Program Files\Java\jdk1.8.0_321\jre\lib\ext\nashorn.jar;C:\Program Files\Java\jdk1.8.0_321\jre\lib\ext\sunec.jar;C:\Program Files\Java\jdk1.8.0_321\jre\lib\ext\sunjce_provider.jar;C:\Program Files\Java\jdk1.8.0_321\jre\lib\ext\sunmscapi.jar;C:\Program Files\Java\jdk1.8.0_321\jre\lib\ext\sunpkcs11.jar;C:\Program Files\Java\jdk1.8.0_321\jre\lib\ext\zipfs.jar;C:\Program Files\Java\jdk1.8.0_321\jre\lib\javaws.jar;C:\Program Files\Java\jdk1.8.0_321\jre\lib\jce.jar;C:\Program Files\Java\jdk1.8.0_321\jre\lib\jfr.jar;C:\Program Files\Java\jdk1.8.0_321\jre\lib\jfxswt.jar;C:\Program Files\Java\jdk1.8.0_321\jre\lib\jsse.jar;C:\Program Files\Java\jdk1.8.0_321\jre\lib\management-agent.jar;C:\Program Files\Java\jdk1.8.0_321\jre\lib\plugin.jar;C:\Program Files\Java\jdk1.8.0_321\jre\lib\resources.jar;C:\Program Files\Java\jdk1.8.0_321\jre\lib\rt.jar;C:\Users\testinium\IdeaProjects\seleniumproje\projeselenium\EducationGauge\OzdilekProje\target\test-classes;C:\Users\testinium\.m2\repository\junit\junit\4.12\junit-4.12.jar;C:\Users\testinium\.m2\repository\org\hamcrest\hamcrest-core\1.3\hamcrest-core-1.3.jar;C:\Users\testinium\.m2\repository\com\thoughtworks\gauge\gauge-java\0.7.3\gauge-java-0.7.3.jar;C:\Users\testinium\.m2\repository\org\assertj\assertj-core\3.14.0\assertj-core-3.14.0.jar;C:\Users\testinium\.m2\repository\org\reflections\reflections\0.9.11\reflections-0.9.11.jar;C:\Users\testinium\.m2\repository\org\javassist\javassist\3.21.0-GA\javassist-3.21.0-GA.jar;C:\Users\testinium\.m2\repository\com\github\javaparser\javaparser-core\2.5.1\javaparser-core-2.5.1.jar;C:\Users\testinium\.m2\repository\commons-io\commons-io\2.6\commons-io-2.6.jar;C:\Users\testinium\.m2\repository\commons-lang\commons-lang\2.6\commons-lang-2.6.jar;C:\Users\testinium\.m2\repository\org\json\json\20190722\json-20190722.jar;C:\Users\testinium\.m2\repository\com\google\protobuf\protobuf-java\3.10.0\protobuf-java-3.10.0.jar;C:\Users\testinium\.m2\repository\com\google\guava\guava\28.1-jre\guava-28.1-jre.jar;C:\Users\testinium\.m2\repository\com\google\guava\failureaccess\1.0.1\failureaccess-1.0.1.jar;C:\Users\testinium\.m2\repository\com\google\guava\listenablefuture\9999.0-empty-to-avoid-conflict-with-guava\listenablefuture-9999.0-empty-to-avoid-conflict-with-guava.jar;C:\Users\testinium\.m2\repository\com\google\code\findbugs\jsr305\3.0.2\jsr305-3.0.2.jar;C:\Users\testinium\.m2\repository\org\checkerframework\checker-qual\2.8.1\checker-qual-2.8.1.jar;C:\Users\testinium\.m2\repository\com\google\errorprone\error_prone_annotations\2.3.2\error_prone_annotations-2.3.2.jar;C:\Users\testinium\.m2\repository\com\google\j2objc\j2objc-annotations\1.3\j2objc-annotations-1.3.jar;C:\Users\testinium\.m2\repository\org\codehaus\mojo\animal-sniffer-annotations\1.18\animal-sniffer-annotations-1.18.jar;C:\Users\testinium\.m2\repository\io\grpc\grpc-netty-shaded\1.25.0\grpc-netty-shaded-1.25.0.jar;C:\Users\testinium\.m2\repository\io\grpc\grpc-core\1.25.0\grpc-core-1.25.0.jar;C:\Users\testinium\.m2\repository\io\grpc\grpc-api\1.25.0\grpc-api-1.25.0.jar;C:\Users\testinium\.m2\repository\io\grpc\grpc-context\1.25.0\grpc-context-1.25.0.jar;C:\Users\testinium\.m2\repository\com\google\android\annotations\4.1.1.4\annotations-4.1.1.4.jar;C:\Users\testinium\.m2\repository\io\perfmark\perfmark-api\0.19.0\perfmark-api-0.19.0.jar;C:\Users\testinium\.m2\repository\io\opencensus\opencensus-api\0.21.0\opencensus-api-0.21.0.jar;C:\Users\testinium\.m2\repository\io\opencensus\opencensus-contrib-grpc-metrics\0.21.0\opencensus-contrib-grpc-metrics-0.21.0.jar;C:\Users\testinium\.m2\repository\io\grpc\grpc-protobuf\1.24.1\grpc-protobuf-1.24.1.jar;C:\Users\testinium\.m2\repository\com\google\api\grpc\proto-google-common-protos\1.12.0\proto-google-common-protos-1.12.0.jar;C:\Users\testinium\.m2\repository\io\grpc\grpc-protobuf-lite\1.24.1\grpc-protobuf-lite-1.24.1.jar;C:\Users\testinium\.m2\repository\io\grpc\grpc-stub\1.24.1\grpc-stub-1.24.1.jar;C:\Users\testinium\.m2\repository\javax\annotation\javax.annotation-api\1.3.2\javax.annotation-api-1.3.2.jar;C:\Users\testinium\.m2\repository\io\appium\java-client\7.3.0\java-client-7.3.0.jar;C:\Users\testinium\.m2\repository\org\seleniumhq\selenium\selenium-java\3.141.59\selenium-java-3.141.59.jar;C:\Users\testinium\.m2\repository\org\seleniumhq\selenium\selenium-chrome-driver\3.141.59\selenium-chrome-driver-3.141.59.jar;C:\Users\testinium\.m2\repository\org\seleniumhq\selenium\selenium-edge-driver\3.141.59\selenium-edge-driver-3.141.59.jar;C:\Users\testinium\.m2\repository\org\seleniumhq\selenium\selenium-firefox-driver\3.141.59\selenium-firefox-driver-3.141.59.jar;C:\Users\testinium\.m2\repository\org\seleniumhq\selenium\selenium-ie-driver\3.141.59\selenium-ie-driver-3.141.59.jar;C:\Users\testinium\.m2\repository\org\seleniumhq\selenium\selenium-opera-driver\3.141.59\selenium-opera-driver-3.141.59.jar;C:\Users\testinium\.m2\repository\org\seleniumhq\selenium\selenium-remote-driver\3.141.59\selenium-remote-driver-3.141.59.jar;C:\Users\testinium\.m2\repository\org\seleniumhq\selenium\selenium-safari-driver\3.141.59\selenium-safari-driver-3.141.59.jar;C:\Users\testinium\.m2\repository\net\bytebuddy\byte-buddy\1.8.15\byte-buddy-1.8.15.jar;C:\Users\testinium\.m2\repository\org\apache\commons\commons-exec\1.3\commons-exec-1.3.jar;C:\Users\testinium\.m2\repository\com\squareup\okhttp3\okhttp\3.11.0\okhttp-3.11.0.jar;C:\Users\testinium\.m2\repository\com\squareup\okio\okio\1.14.0\okio-1.14.0.jar;C:\Users\testinium\.m2\repository\org\seleniumhq\selenium\selenium-support\3.141.59\selenium-support-3.141.59.jar;C:\Users\testinium\.m2\repository\org\seleniumhq\selenium\selenium-api\3.141.59\selenium-api-3.141.59.jar;C:\Users\testinium\.m2\repository\com\google\code\gson\gson\2.8.5\gson-2.8.5.jar;C:\Users\testinium\.m2\repository\org\apache\httpcomponents\httpclient\4.5.9\httpclient-4.5.9.jar;C:\Users\testinium\.m2\repository\org\apache\httpcomponents\httpcore\4.4.11\httpcore-4.4.11.jar;C:\Users\testinium\.m2\repository\commons-logging\commons-logging\1.2\commons-logging-1.2.jar;C:\Users\testinium\.m2\repository\commons-codec\commons-codec\1.11\commons-codec-1.11.jar;C:\Users\testinium\.m2\repository\cglib\cglib\3.2.12\cglib-3.2.12.jar;C:\Users\testinium\.m2\repository\org\ow2\asm\asm\7.1\asm-7.1.jar;C:\Users\testinium\.m2\repository\commons-validator\commons-validator\1.6\commons-validator-1.6.jar;C:\Users\testinium\.m2\repository\commons-beanutils\commons-beanutils\1.9.2\commons-beanutils-1.9.2.jar;C:\Users\testinium\.m2\repository\commons-digester\commons-digester\1.8.1\commons-digester-1.8.1.jar;C:\Users\testinium\.m2\repository\commons-collections\commons-collections\3.2.2\commons-collections-3.2.2.jar;C:\Users\testinium\.m2\repository\org\apache\commons\commons-lang3\3.9\commons-lang3-3.9.jar;C:\Users\testinium\.m2\repository\org\springframework\spring-context\5.1.8.RELEASE\spring-context-5.1.8.RELEASE.jar;C:\Users\testinium\.m2\repository\org\springframework\spring-aop\5.1.8.RELEASE\spring-aop-5.1.8.RELEASE.jar;C:\Users\testinium\.m2\repository\org\springframework\spring-beans\5.1.8.RELEASE\spring-beans-5.1.8.RELEASE.jar;C:\Users\testinium\.m2\repository\org\springframework\spring-core\5.1.8.RELEASE\spring-core-5.1.8.RELEASE.jar;C:\Users\testinium\.m2\repository\org\springframework\spring-jcl\5.1.8.RELEASE\spring-jcl-5.1.8.RELEASE.jar;C:\Users\testinium\.m2\repository\org\springframework\spring-expression\5.1.8.RELEASE\spring-expression-5.1.8.RELEASE.jar;C:\Users\testinium\.m2\repository\org\aspectj\aspectjweaver\1.9.4\aspectjweaver-1.9.4.jar;C:\Users\testinium\.m2\repository\org\slf4j\slf4j-api\1.7.30\slf4j-api-1.7.30.jar;C:\Users\testinium\.m2\repository\org\slf4j\slf4j-log4j12\1.7.30\slf4j-log4j12-1.7.30.jar;C:\Users\testinium\.m2\repository\log4j\log4j\1.2.17\log4j-1.2.17.jar
04-04-2022 12:47:31.035 [java] [DEBUG] found java executable in C:\Program Files\Java\jdk1.8.0_321\jre\bin\java.exe
04-04-2022 12:47:31.035 [java] [DEBUG] running - C:\Program Files\Java\jdk1.8.0_321\jre\bin\java.exe [-Dfile.encoding=UTF-8 com.thoughtworks.gauge.GaugeRuntime --start]
04-04-2022 12:47:31.035 [java] [DEBUG] stdout/stderr is logged to logs\7396-java.exe.out
04-04-2022 12:47:31.324 [java] [DEBUG] Connecting to port: 0
04-04-2022 12:47:31.339 [java] [CRITICAL] Error in thread 1
Format specifier '%!s(MISSING)'
java.util.MissingFormatArgumentException: Format specifier '%!s(MISSING)'
	at java.util.Formatter.format(Formatter.java:2519)
	at java.util.Formatter.format(Formatter.java:2455)
	at java.lang.String.format(String.java:2940)
	at com.thoughtworks.gauge.connection.GaugeConnector.connect(GaugeConnector.java:45)
	at com.thoughtworks.gauge.connection.GaugeConnector.makeConnectionsToGaugeCore(GaugeConnector.java:35)
	at com.thoughtworks.gauge.GaugeRuntime.makeConnection(GaugeRuntime.java:120)
	at com.thoughtworks.gauge.GaugeRuntime.connectSynchronously(GaugeRuntime.java:106)
	at com.thoughtworks.gauge.GaugeRuntime.startGaugeServer(GaugeRuntime.java:76)
	at com.thoughtworks.gauge.GaugeRuntime.main(GaugeRuntime.java:53)
04-04-2022 12:47:31.375 [java] [CRITICAL] process C:\Program Files\Java\jdk1.8.0_321\jre\bin\java.exe with pid 7716 quit unexpectedly. exit status 1
04-04-2022 12:47:31.400 [Gauge] [ERROR] Error occurred while waiting for runner process to finish.
Error : exit status 1
04-04-2022 12:47:58.186 [Gauge] [CRITICAL] Failed to start gauge API: Timed out connecting to java
04-04-2022 12:49:06.637 [Gauge] [DEBUG] Created gauge_screenshots_dir at C:\Users\testinium\IdeaProjects\seleniumproje\projeselenium\EducationGauge\OzdilekProje\.gauge\screenshots
04-04-2022 12:49:06.640 [Gauge] [DEBUG] Plugin java is already installed.
04-04-2022 12:49:06.641 [Gauge] [DEBUG] Plugin html-report is already installed.
04-04-2022 12:49:06.642 [Gauge] [DEBUG] Parsing started.
04-04-2022 12:49:06.642 [Gauge] [DEBUG] Started concepts parsing.
04-04-2022 12:49:06.643 [Gauge] [ERROR] Concept parse failure: C:\Users\testinium\IdeaProjects\seleniumproje\projeselenium\EducationGauge\OzdilekProje\specs\Login.cpt C:\Users\testinium\IdeaProjects\seleniumproje\projeselenium\EducationGauge\OzdilekProje\specs\Login.cpt:5 Dynamic parameter <2> could not be resolved => '<2> saniye kadar bekle'
04-04-2022 12:49:06.643 [Gauge] [ERROR] Concept parse failure: C:\Users\testinium\IdeaProjects\seleniumproje\projeselenium\EducationGauge\OzdilekProje\specs\Login.cpt C:\Users\testinium\IdeaProjects\seleniumproje\projeselenium\EducationGauge\OzdilekProje\specs\Login.cpt:6 Dynamic parameter <//*[@resource-id='com.ozdilek.ozdilekteyim:id/tv_startShoppingStore']> could not be resolved => 'Xpath <//*[@resource-id='com.ozdilek.ozdilekteyim:id/tv_startShoppingStore']> li alışverişe başla butonuna basıldı'
04-04-2022 12:49:06.643 [Gauge] [ERROR] [ParseError] C:\Users\testinium\IdeaProjects\seleniumproje\projeselenium\EducationGauge\OzdilekProje\specs\Login.cpt:5 Dynamic parameter <2> could not be resolved => '<2> saniye kadar bekle'
04-04-2022 12:49:06.643 [Gauge] [ERROR] [ParseError] C:\Users\testinium\IdeaProjects\seleniumproje\projeselenium\EducationGauge\OzdilekProje\specs\Login.cpt:6 Dynamic parameter <//*[@resource-id='com.ozdilek.ozdilekteyim:id/tv_startShoppingStore']> could not be resolved => 'Xpath <//*[@resource-id='com.ozdilek.ozdilekteyim:id/tv_startShoppingStore']> li alışverişe başla butonuna basıldı'
04-04-2022 12:49:06.643 [Gauge] [DEBUG] 1 concepts parsing completed.
04-04-2022 12:49:06.643 [Gauge] [DEBUG] Started specifications parsing.
04-04-2022 12:49:06.644 [Gauge] [DEBUG] 1 specifications parsing completed.
04-04-2022 12:49:06.644 [Gauge] [DEBUG] Parsing completed.
04-04-2022 12:49:06.669 [java] [DEBUG] ***** Printing Properties/Env Values *****
04-04-2022 12:49:06.669 [java] [DEBUG] PATH: C:\Windows\System32;C:\Users\testinium\AppData\Local\Microsoft\WindowsApps;C:\Program Files\JetBrains\IntelliJ IDEA Community Edition 2021.3.3\bin;C:\Users\testinium\AppData\Local\GitHubDesktop\bin;C:\Users\testinium\AppData\Local\Android\Sdk\platform-tools;C:\Users\testinium\AppData\Local\Android\Sdk\platforms;C:\Users\testinium\AppData\Local\Android\Sdk\build-tools;C:\Users\testinium\AppData\Local\Android\Sdk\tools;C:\Program Files\Java\jdk1.8.0_321\bin;C:\Program Files (x86)\Common Files\Oracle\Java\javapath;C:\Windows;C:\Windows\System32\Wbem;C:\Windows\System32\OpenSSH\;C:\Windows\System32\WindowsPowerShell\v1.0\;C:\Program Files\NVIDIA Corporation\NVIDIA NvDLISR;C:\Program Files\Git\cmd;C:\Program Files\nodejs\;C:\Program Files\apache-maven-3.8.5\bin;C:\Program Files (x86)\Micro Focus\Unified Functional Testing\bin;C:\Program Files\Gauge\bin;C:\Users\testinium\AppData\Local\Microsoft\WindowsApps;C:\Program Files\JetBrains\IntelliJ IDEA Community Edition 2021.3.3\bin;;C:\Users\testinium\AppData\Local\GitHubDesktop\bin;C:\Users\testinium\AppData\Local\Android\Sdk\platform-tools;C:\Users\testinium\AppData\Local\Android\Sdk\platforms;C:\Users\testinium\AppData\Local\Android\Sdk\build-tools;C:\Users\testinium\AppData\Local\Android\Sdk\platform-tools;C:\Users\testinium\AppData\Local\Android\Sdk\tools;%!A(MISSING)NDROID_HOME\build-tools%!;(MISSING)C:\Windows\System32;C:\Users\testinium\AppData\Local\Microsoft\WindowsApps;C:\Program Files\JetBrains\IntelliJ IDEA Community Edition 2021.3.3\bin;C:\Users\testinium\AppData\Local\GitHubDesktop\bin;C:\Users\testinium\AppData\Local\Android\Sdk\platform-tools;C:\Users\testinium\AppData\Local\Android\Sdk\platforms;C:\Users\testinium\AppData\Local\Android\Sdk\build-tools;C:\Users\testinium\AppData\Local\Android\Sdk\platform-tools;C:\Users\testinium\AppData\Local\Microsoft\WindowsApps;C:\Windows\System32;;C:\Users\testinium\AppData\Roaming\gauge\plugins\screenshot\0.0.1
04-04-2022 12:49:06.669 [java] [DEBUG] JAVA_HOME: C:\Program Files\Java\jdk1.8.0_321
04-04-2022 12:49:06.669 [java] [DEBUG] gauge_project_root: C:\Users\testinium\IdeaProjects\seleniumproje\projeselenium\EducationGauge\OzdilekProje
04-04-2022 12:49:06.669 [java] [DEBUG] gauge_parallel_streams_count: 
04-04-2022 12:49:06.669 [java] [DEBUG] gauge_reports_dir: reports
04-04-2022 12:49:06.669 [java] [DEBUG] overwrite_reports: true
04-04-2022 12:49:06.669 [java] [DEBUG] logs_directory: logs
04-04-2022 12:49:06.669 [java] [DEBUG] enable_multithreading: 
04-04-2022 12:49:06.669 [java] [DEBUG] gauge_specs_dir: specs
04-04-2022 12:49:06.669 [java] [DEBUG] csv_delimiter: ,
04-04-2022 12:49:06.669 [java] [DEBUG] gauge_java_home: 
04-04-2022 12:49:06.669 [java] [DEBUG] gauge_custom_build_path: 
04-04-2022 12:49:06.669 [java] [DEBUG] gauge_additional_libs: libs/*
04-04-2022 12:49:06.669 [java] [DEBUG] gauge_jvm_args: 
04-04-2022 12:49:06.669 [java] [DEBUG] gauge_custom_compile_dir: 
04-04-2022 12:49:06.669 [java] [DEBUG] gauge_clear_state_level: scenario
04-04-2022 12:49:06.669 [java] [DEBUG] ***** END *****
04-04-2022 12:49:07.660 [Gauge] [DEBUG] Checking updates...
04-04-2022 12:49:07.661 [Gauge] [DEBUG] Downloading https://downloads.gauge.org/plugin/html-report?l=java&p=html-report,java,screenshot,spectacle,xml-report&o=windows&a=386
04-04-2022 12:49:08.506 [Gauge] [DEBUG] Downloading https://downloads.gauge.org/plugin/java?l=java&p=html-report,java,screenshot,spectacle,xml-report&o=windows&a=386
04-04-2022 12:49:08.671 [Gauge] [DEBUG] Downloading https://downloads.gauge.org/plugin/screenshot?l=java&p=html-report,java,screenshot,spectacle,xml-report&o=windows&a=386
04-04-2022 12:49:08.815 [Gauge] [DEBUG] Downloading https://downloads.gauge.org/plugin/spectacle?l=java&p=html-report,java,screenshot,spectacle,xml-report&o=windows&a=386
04-04-2022 12:49:09.001 [Gauge] [DEBUG] Downloading https://downloads.gauge.org/plugin/xml-report?l=java&p=html-report,java,screenshot,spectacle,xml-report&o=windows&a=386
04-04-2022 12:49:09.477 [java] [ERROR] Installed version of gauge-java (0.8.1) does not match with dependency gauge-java (0.7.3) specified in pom.xml file
04-04-2022 12:49:09.478 [java] [DEBUG] classpath set to C:\Program Files\Java\jdk1.8.0_321\jre\lib\charsets.jar;C:\Program Files\Java\jdk1.8.0_321\jre\lib\deploy.jar;C:\Program Files\Java\jdk1.8.0_321\jre\lib\ext\access-bridge-64.jar;C:\Program Files\Java\jdk1.8.0_321\jre\lib\ext\cldrdata.jar;C:\Program Files\Java\jdk1.8.0_321\jre\lib\ext\dnsns.jar;C:\Program Files\Java\jdk1.8.0_321\jre\lib\ext\jaccess.jar;C:\Program Files\Java\jdk1.8.0_321\jre\lib\ext\jfxrt.jar;C:\Program Files\Java\jdk1.8.0_321\jre\lib\ext\localedata.jar;C:\Program Files\Java\jdk1.8.0_321\jre\lib\ext\nashorn.jar;C:\Program Files\Java\jdk1.8.0_321\jre\lib\ext\sunec.jar;C:\Program Files\Java\jdk1.8.0_321\jre\lib\ext\sunjce_provider.jar;C:\Program Files\Java\jdk1.8.0_321\jre\lib\ext\sunmscapi.jar;C:\Program Files\Java\jdk1.8.0_321\jre\lib\ext\sunpkcs11.jar;C:\Program Files\Java\jdk1.8.0_321\jre\lib\ext\zipfs.jar;C:\Program Files\Java\jdk1.8.0_321\jre\lib\javaws.jar;C:\Program Files\Java\jdk1.8.0_321\jre\lib\jce.jar;C:\Program Files\Java\jdk1.8.0_321\jre\lib\jfr.jar;C:\Program Files\Java\jdk1.8.0_321\jre\lib\jfxswt.jar;C:\Program Files\Java\jdk1.8.0_321\jre\lib\jsse.jar;C:\Program Files\Java\jdk1.8.0_321\jre\lib\management-agent.jar;C:\Program Files\Java\jdk1.8.0_321\jre\lib\plugin.jar;C:\Program Files\Java\jdk1.8.0_321\jre\lib\resources.jar;C:\Program Files\Java\jdk1.8.0_321\jre\lib\rt.jar;C:\Users\testinium\IdeaProjects\seleniumproje\projeselenium\EducationGauge\OzdilekProje\target\test-classes;C:\Users\testinium\.m2\repository\junit\junit\4.12\junit-4.12.jar;C:\Users\testinium\.m2\repository\org\hamcrest\hamcrest-core\1.3\hamcrest-core-1.3.jar;C:\Users\testinium\.m2\repository\com\thoughtworks\gauge\gauge-java\0.7.3\gauge-java-0.7.3.jar;C:\Users\testinium\.m2\repository\org\assertj\assertj-core\3.14.0\assertj-core-3.14.0.jar;C:\Users\testinium\.m2\repository\org\reflections\reflections\0.9.11\reflections-0.9.11.jar;C:\Users\testinium\.m2\repository\org\javassist\javassist\3.21.0-GA\javassist-3.21.0-GA.jar;C:\Users\testinium\.m2\repository\com\github\javaparser\javaparser-core\2.5.1\javaparser-core-2.5.1.jar;C:\Users\testinium\.m2\repository\commons-io\commons-io\2.6\commons-io-2.6.jar;C:\Users\testinium\.m2\repository\commons-lang\commons-lang\2.6\commons-lang-2.6.jar;C:\Users\testinium\.m2\repository\org\json\json\20190722\json-20190722.jar;C:\Users\testinium\.m2\repository\com\google\protobuf\protobuf-java\3.10.0\protobuf-java-3.10.0.jar;C:\Users\testinium\.m2\repository\com\google\guava\guava\28.1-jre\guava-28.1-jre.jar;C:\Users\testinium\.m2\repository\com\google\guava\failureaccess\1.0.1\failureaccess-1.0.1.jar;C:\Users\testinium\.m2\repository\com\google\guava\listenablefuture\9999.0-empty-to-avoid-conflict-with-guava\listenablefuture-9999.0-empty-to-avoid-conflict-with-guava.jar;C:\Users\testinium\.m2\repository\com\google\code\findbugs\jsr305\3.0.2\jsr305-3.0.2.jar;C:\Users\testinium\.m2\repository\org\checkerframework\checker-qual\2.8.1\checker-qual-2.8.1.jar;C:\Users\testinium\.m2\repository\com\google\errorprone\error_prone_annotations\2.3.2\error_prone_annotations-2.3.2.jar;C:\Users\testinium\.m2\repository\com\google\j2objc\j2objc-annotations\1.3\j2objc-annotations-1.3.jar;C:\Users\testinium\.m2\repository\org\codehaus\mojo\animal-sniffer-annotations\1.18\animal-sniffer-annotations-1.18.jar;C:\Users\testinium\.m2\repository\io\grpc\grpc-netty-shaded\1.25.0\grpc-netty-shaded-1.25.0.jar;C:\Users\testinium\.m2\repository\io\grpc\grpc-core\1.25.0\grpc-core-1.25.0.jar;C:\Users\testinium\.m2\repository\io\grpc\grpc-api\1.25.0\grpc-api-1.25.0.jar;C:\Users\testinium\.m2\repository\io\grpc\grpc-context\1.25.0\grpc-context-1.25.0.jar;C:\Users\testinium\.m2\repository\com\google\android\annotations\4.1.1.4\annotations-4.1.1.4.jar;C:\Users\testinium\.m2\repository\io\perfmark\perfmark-api\0.19.0\perfmark-api-0.19.0.jar;C:\Users\testinium\.m2\repository\io\opencensus\opencensus-api\0.21.0\opencensus-api-0.21.0.jar;C:\Users\testinium\.m2\repository\io\opencensus\opencensus-contrib-grpc-metrics\0.21.0\opencensus-contrib-grpc-metrics-0.21.0.jar;C:\Users\testinium\.m2\repository\io\grpc\grpc-protobuf\1.24.1\grpc-protobuf-1.24.1.jar;C:\Users\testinium\.m2\repository\com\google\api\grpc\proto-google-common-protos\1.12.0\proto-google-common-protos-1.12.0.jar;C:\Users\testinium\.m2\repository\io\grpc\grpc-protobuf-lite\1.24.1\grpc-protobuf-lite-1.24.1.jar;C:\Users\testinium\.m2\repository\io\grpc\grpc-stub\1.24.1\grpc-stub-1.24.1.jar;C:\Users\testinium\.m2\repository\javax\annotation\javax.annotation-api\1.3.2\javax.annotation-api-1.3.2.jar;C:\Users\testinium\.m2\repository\io\appium\java-client\7.3.0\java-client-7.3.0.jar;C:\Users\testinium\.m2\repository\org\seleniumhq\selenium\selenium-java\3.141.59\selenium-java-3.141.59.jar;C:\Users\testinium\.m2\repository\org\seleniumhq\selenium\selenium-chrome-driver\3.141.59\selenium-chrome-driver-3.141.59.jar;C:\Users\testinium\.m2\repository\org\seleniumhq\selenium\selenium-edge-driver\3.141.59\selenium-edge-driver-3.141.59.jar;C:\Users\testinium\.m2\repository\org\seleniumhq\selenium\selenium-firefox-driver\3.141.59\selenium-firefox-driver-3.141.59.jar;C:\Users\testinium\.m2\repository\org\seleniumhq\selenium\selenium-ie-driver\3.141.59\selenium-ie-driver-3.141.59.jar;C:\Users\testinium\.m2\repository\org\seleniumhq\selenium\selenium-opera-driver\3.141.59\selenium-opera-driver-3.141.59.jar;C:\Users\testinium\.m2\repository\org\seleniumhq\selenium\selenium-remote-driver\3.141.59\selenium-remote-driver-3.141.59.jar;C:\Users\testinium\.m2\repository\org\seleniumhq\selenium\selenium-safari-driver\3.141.59\selenium-safari-driver-3.141.59.jar;C:\Users\testinium\.m2\repository\net\bytebuddy\byte-buddy\1.8.15\byte-buddy-1.8.15.jar;C:\Users\testinium\.m2\repository\org\apache\commons\commons-exec\1.3\commons-exec-1.3.jar;C:\Users\testinium\.m2\repository\com\squareup\okhttp3\okhttp\3.11.0\okhttp-3.11.0.jar;C:\Users\testinium\.m2\repository\com\squareup\okio\okio\1.14.0\okio-1.14.0.jar;C:\Users\testinium\.m2\repository\org\seleniumhq\selenium\selenium-support\3.141.59\selenium-support-3.141.59.jar;C:\Users\testinium\.m2\repository\org\seleniumhq\selenium\selenium-api\3.141.59\selenium-api-3.141.59.jar;C:\Users\testinium\.m2\repository\com\google\code\gson\gson\2.8.5\gson-2.8.5.jar;C:\Users\testinium\.m2\repository\org\apache\httpcomponents\httpclient\4.5.9\httpclient-4.5.9.jar;C:\Users\testinium\.m2\repository\org\apache\httpcomponents\httpcore\4.4.11\httpcore-4.4.11.jar;C:\Users\testinium\.m2\repository\commons-logging\commons-logging\1.2\commons-logging-1.2.jar;C:\Users\testinium\.m2\repository\commons-codec\commons-codec\1.11\commons-codec-1.11.jar;C:\Users\testinium\.m2\repository\cglib\cglib\3.2.12\cglib-3.2.12.jar;C:\Users\testinium\.m2\repository\org\ow2\asm\asm\7.1\asm-7.1.jar;C:\Users\testinium\.m2\repository\commons-validator\commons-validator\1.6\commons-validator-1.6.jar;C:\Users\testinium\.m2\repository\commons-beanutils\commons-beanutils\1.9.2\commons-beanutils-1.9.2.jar;C:\Users\testinium\.m2\repository\commons-digester\commons-digester\1.8.1\commons-digester-1.8.1.jar;C:\Users\testinium\.m2\repository\commons-collections\commons-collections\3.2.2\commons-collections-3.2.2.jar;C:\Users\testinium\.m2\repository\org\apache\commons\commons-lang3\3.9\commons-lang3-3.9.jar;C:\Users\testinium\.m2\repository\org\springframework\spring-context\5.1.8.RELEASE\spring-context-5.1.8.RELEASE.jar;C:\Users\testinium\.m2\repository\org\springframework\spring-aop\5.1.8.RELEASE\spring-aop-5.1.8.RELEASE.jar;C:\Users\testinium\.m2\repository\org\springframework\spring-beans\5.1.8.RELEASE\spring-beans-5.1.8.RELEASE.jar;C:\Users\testinium\.m2\repository\org\springframework\spring-core\5.1.8.RELEASE\spring-core-5.1.8.RELEASE.jar;C:\Users\testinium\.m2\repository\org\springframework\spring-jcl\5.1.8.RELEASE\spring-jcl-5.1.8.RELEASE.jar;C:\Users\testinium\.m2\repository\org\springframework\spring-expression\5.1.8.RELEASE\spring-expression-5.1.8.RELEASE.jar;C:\Users\testinium\.m2\repository\org\aspectj\aspectjweaver\1.9.4\aspectjweaver-1.9.4.jar;C:\Users\testinium\.m2\repository\org\slf4j\slf4j-api\1.7.30\slf4j-api-1.7.30.jar;C:\Users\testinium\.m2\repository\org\slf4j\slf4j-log4j12\1.7.30\slf4j-log4j12-1.7.30.jar;C:\Users\testinium\.m2\repository\log4j\log4j\1.2.17\log4j-1.2.17.jar
04-04-2022 12:49:09.528 [java] [DEBUG] found java executable in C:\Program Files\Java\jdk1.8.0_321\jre\bin\java.exe
04-04-2022 12:49:09.528 [java] [DEBUG] running - C:\Program Files\Java\jdk1.8.0_321\jre\bin\java.exe [-Dfile.encoding=UTF-8 com.thoughtworks.gauge.GaugeRuntime --start]
04-04-2022 12:49:09.529 [java] [DEBUG] stdout/stderr is logged to logs\10556-java.exe.out
04-04-2022 12:49:09.744 [java] [DEBUG] Connecting to port: 0
04-04-2022 12:49:09.757 [java] [CRITICAL] Error in thread 1
Format specifier '%!s(MISSING)'
java.util.MissingFormatArgumentException: Format specifier '%!s(MISSING)'
	at java.util.Formatter.format(Formatter.java:2519)
	at java.util.Formatter.format(Formatter.java:2455)
	at java.lang.String.format(String.java:2940)
	at com.thoughtworks.gauge.connection.GaugeConnector.connect(GaugeConnector.java:45)
	at com.thoughtworks.gauge.connection.GaugeConnector.makeConnectionsToGaugeCore(GaugeConnector.java:35)
	at com.thoughtworks.gauge.GaugeRuntime.makeConnection(GaugeRuntime.java:120)
	at com.thoughtworks.gauge.GaugeRuntime.connectSynchronously(GaugeRuntime.java:106)
	at com.thoughtworks.gauge.GaugeRuntime.startGaugeServer(GaugeRuntime.java:76)
	at com.thoughtworks.gauge.GaugeRuntime.main(GaugeRuntime.java:53)
04-04-2022 12:49:09.783 [java] [CRITICAL] process C:\Program Files\Java\jdk1.8.0_321\jre\bin\java.exe with pid 1824 quit unexpectedly. exit status 1
04-04-2022 12:49:09.792 [Gauge] [ERROR] Error occurred while waiting for runner process to finish.
Error : exit status 1
04-04-2022 12:49:36.657 [Gauge] [CRITICAL] Failed to start gauge API: Timed out connecting to java
04-04-2022 13:05:49.472 [Gauge] [DEBUG] Created gauge_screenshots_dir at C:\Users\testinium\IdeaProjects\seleniumproje\projeselenium\EducationGauge\OzdilekProje\.gauge\screenshots
04-04-2022 13:05:49.476 [Gauge] [DEBUG] Plugin java is already installed.
04-04-2022 13:05:49.477 [Gauge] [DEBUG] Plugin html-report is already installed.
04-04-2022 13:05:49.479 [Gauge] [DEBUG] Parsing started.
04-04-2022 13:05:49.479 [Gauge] [DEBUG] Started concepts parsing.
04-04-2022 13:05:49.484 [Gauge] [DEBUG] 1 concepts parsing completed.
04-04-2022 13:05:49.484 [Gauge] [DEBUG] Started specifications parsing.
04-04-2022 13:05:49.484 [Gauge] [DEBUG] 1 specifications parsing completed.
04-04-2022 13:05:49.485 [Gauge] [DEBUG] Parsing completed.
04-04-2022 13:05:49.569 [java] [DEBUG] ***** Printing Properties/Env Values *****
04-04-2022 13:05:49.569 [java] [DEBUG] PATH: C:\Windows\System32;C:\Users\testinium\AppData\Local\Microsoft\WindowsApps;C:\Program Files\JetBrains\IntelliJ IDEA Community Edition 2021.3.3\bin;C:\Users\testinium\AppData\Local\GitHubDesktop\bin;C:\Users\testinium\AppData\Local\Android\Sdk\platform-tools;C:\Users\testinium\AppData\Local\Android\Sdk\platforms;C:\Users\testinium\AppData\Local\Android\Sdk\build-tools;C:\Users\testinium\AppData\Local\Android\Sdk\tools;C:\Program Files\Java\jdk1.8.0_321\bin;C:\Program Files (x86)\Common Files\Oracle\Java\javapath;C:\Windows;C:\Windows\System32\Wbem;C:\Windows\System32\OpenSSH\;C:\Windows\System32\WindowsPowerShell\v1.0\;C:\Program Files\NVIDIA Corporation\NVIDIA NvDLISR;C:\Program Files\Git\cmd;C:\Program Files\nodejs\;C:\Program Files\apache-maven-3.8.5\bin;C:\Program Files (x86)\Micro Focus\Unified Functional Testing\bin;C:\Program Files\Gauge\bin;C:\Users\testinium\AppData\Local\Microsoft\WindowsApps;C:\Program Files\JetBrains\IntelliJ IDEA Community Edition 2021.3.3\bin;;C:\Users\testinium\AppData\Local\GitHubDesktop\bin;C:\Users\testinium\AppData\Local\Android\Sdk\platform-tools;C:\Users\testinium\AppData\Local\Android\Sdk\platforms;C:\Users\testinium\AppData\Local\Android\Sdk\build-tools;C:\Users\testinium\AppData\Local\Android\Sdk\platform-tools;C:\Users\testinium\AppData\Local\Android\Sdk\tools;%!A(MISSING)NDROID_HOME\build-tools%!;(MISSING)C:\Windows\System32;C:\Users\testinium\AppData\Local\Microsoft\WindowsApps;C:\Program Files\JetBrains\IntelliJ IDEA Community Edition 2021.3.3\bin;C:\Users\testinium\AppData\Local\GitHubDesktop\bin;C:\Users\testinium\AppData\Local\Android\Sdk\platform-tools;C:\Users\testinium\AppData\Local\Android\Sdk\platforms;C:\Users\testinium\AppData\Local\Android\Sdk\build-tools;C:\Users\testinium\AppData\Local\Android\Sdk\platform-tools;C:\Users\testinium\AppData\Local\Microsoft\WindowsApps;C:\Windows\System32;;C:\Users\testinium\AppData\Roaming\gauge\plugins\screenshot\0.0.1
04-04-2022 13:05:49.569 [java] [DEBUG] JAVA_HOME: C:\Program Files\Java\jdk1.8.0_321
04-04-2022 13:05:49.569 [java] [DEBUG] gauge_project_root: C:\Users\testinium\IdeaProjects\seleniumproje\projeselenium\EducationGauge\OzdilekProje
04-04-2022 13:05:49.569 [java] [DEBUG] gauge_parallel_streams_count: 
04-04-2022 13:05:49.569 [java] [DEBUG] gauge_reports_dir: reports
04-04-2022 13:05:49.569 [java] [DEBUG] overwrite_reports: true
04-04-2022 13:05:49.569 [java] [DEBUG] logs_directory: logs
04-04-2022 13:05:49.569 [java] [DEBUG] enable_multithreading: 
04-04-2022 13:05:49.569 [java] [DEBUG] gauge_specs_dir: specs
04-04-2022 13:05:49.569 [java] [DEBUG] csv_delimiter: ,
04-04-2022 13:05:49.569 [java] [DEBUG] gauge_java_home: 
04-04-2022 13:05:49.569 [java] [DEBUG] gauge_custom_build_path: 
04-04-2022 13:05:49.569 [java] [DEBUG] gauge_additional_libs: libs/*
04-04-2022 13:05:49.569 [java] [DEBUG] gauge_jvm_args: 
04-04-2022 13:05:49.569 [java] [DEBUG] gauge_custom_compile_dir: 
04-04-2022 13:05:49.569 [java] [DEBUG] gauge_clear_state_level: scenario
04-04-2022 13:05:49.569 [java] [DEBUG] ***** END *****
04-04-2022 13:05:51.013 [Gauge] [DEBUG] Checking updates...
04-04-2022 13:05:51.015 [Gauge] [DEBUG] Downloading https://downloads.gauge.org/plugin/html-report?l=java&p=html-report,java,screenshot,spectacle,xml-report&o=windows&a=386
04-04-2022 13:05:51.913 [Gauge] [DEBUG] Downloading https://downloads.gauge.org/plugin/java?l=java&p=html-report,java,screenshot,spectacle,xml-report&o=windows&a=386
04-04-2022 13:05:52.082 [Gauge] [DEBUG] Downloading https://downloads.gauge.org/plugin/screenshot?l=java&p=html-report,java,screenshot,spectacle,xml-report&o=windows&a=386
04-04-2022 13:05:52.247 [Gauge] [DEBUG] Downloading https://downloads.gauge.org/plugin/spectacle?l=java&p=html-report,java,screenshot,spectacle,xml-report&o=windows&a=386
04-04-2022 13:05:52.476 [Gauge] [DEBUG] Downloading https://downloads.gauge.org/plugin/xml-report?l=java&p=html-report,java,screenshot,spectacle,xml-report&o=windows&a=386
04-04-2022 13:05:53.800 [java] [ERROR] Installed version of gauge-java (0.8.1) does not match with dependency gauge-java (0.7.3) specified in pom.xml file
04-04-2022 13:05:53.801 [java] [DEBUG] classpath set to C:\Program Files\Java\jdk1.8.0_321\jre\lib\charsets.jar;C:\Program Files\Java\jdk1.8.0_321\jre\lib\deploy.jar;C:\Program Files\Java\jdk1.8.0_321\jre\lib\ext\access-bridge-64.jar;C:\Program Files\Java\jdk1.8.0_321\jre\lib\ext\cldrdata.jar;C:\Program Files\Java\jdk1.8.0_321\jre\lib\ext\dnsns.jar;C:\Program Files\Java\jdk1.8.0_321\jre\lib\ext\jaccess.jar;C:\Program Files\Java\jdk1.8.0_321\jre\lib\ext\jfxrt.jar;C:\Program Files\Java\jdk1.8.0_321\jre\lib\ext\localedata.jar;C:\Program Files\Java\jdk1.8.0_321\jre\lib\ext\nashorn.jar;C:\Program Files\Java\jdk1.8.0_321\jre\lib\ext\sunec.jar;C:\Program Files\Java\jdk1.8.0_321\jre\lib\ext\sunjce_provider.jar;C:\Program Files\Java\jdk1.8.0_321\jre\lib\ext\sunmscapi.jar;C:\Program Files\Java\jdk1.8.0_321\jre\lib\ext\sunpkcs11.jar;C:\Program Files\Java\jdk1.8.0_321\jre\lib\ext\zipfs.jar;C:\Program Files\Java\jdk1.8.0_321\jre\lib\javaws.jar;C:\Program Files\Java\jdk1.8.0_321\jre\lib\jce.jar;C:\Program Files\Java\jdk1.8.0_321\jre\lib\jfr.jar;C:\Program Files\Java\jdk1.8.0_321\jre\lib\jfxswt.jar;C:\Program Files\Java\jdk1.8.0_321\jre\lib\jsse.jar;C:\Program Files\Java\jdk1.8.0_321\jre\lib\management-agent.jar;C:\Program Files\Java\jdk1.8.0_321\jre\lib\plugin.jar;C:\Program Files\Java\jdk1.8.0_321\jre\lib\resources.jar;C:\Program Files\Java\jdk1.8.0_321\jre\lib\rt.jar;C:\Users\testinium\IdeaProjects\seleniumproje\projeselenium\EducationGauge\OzdilekProje\target\test-classes;C:\Users\testinium\.m2\repository\junit\junit\4.12\junit-4.12.jar;C:\Users\testinium\.m2\repository\org\hamcrest\hamcrest-core\1.3\hamcrest-core-1.3.jar;C:\Users\testinium\.m2\repository\com\thoughtworks\gauge\gauge-java\0.7.3\gauge-java-0.7.3.jar;C:\Users\testinium\.m2\repository\org\assertj\assertj-core\3.14.0\assertj-core-3.14.0.jar;C:\Users\testinium\.m2\repository\org\reflections\reflections\0.9.11\reflections-0.9.11.jar;C:\Users\testinium\.m2\repository\org\javassist\javassist\3.21.0-GA\javassist-3.21.0-GA.jar;C:\Users\testinium\.m2\repository\com\github\javaparser\javaparser-core\2.5.1\javaparser-core-2.5.1.jar;C:\Users\testinium\.m2\repository\commons-io\commons-io\2.6\commons-io-2.6.jar;C:\Users\testinium\.m2\repository\commons-lang\commons-lang\2.6\commons-lang-2.6.jar;C:\Users\testinium\.m2\repository\org\json\json\20190722\json-20190722.jar;C:\Users\testinium\.m2\repository\com\google\protobuf\protobuf-java\3.10.0\protobuf-java-3.10.0.jar;C:\Users\testinium\.m2\repository\com\google\guava\guava\28.1-jre\guava-28.1-jre.jar;C:\Users\testinium\.m2\repository\com\google\guava\failureaccess\1.0.1\failureaccess-1.0.1.jar;C:\Users\testinium\.m2\repository\com\google\guava\listenablefuture\9999.0-empty-to-avoid-conflict-with-guava\listenablefuture-9999.0-empty-to-avoid-conflict-with-guava.jar;C:\Users\testinium\.m2\repository\com\google\code\findbugs\jsr305\3.0.2\jsr305-3.0.2.jar;C:\Users\testinium\.m2\repository\org\checkerframework\checker-qual\2.8.1\checker-qual-2.8.1.jar;C:\Users\testinium\.m2\repository\com\google\errorprone\error_prone_annotations\2.3.2\error_prone_annotations-2.3.2.jar;C:\Users\testinium\.m2\repository\com\google\j2objc\j2objc-annotations\1.3\j2objc-annotations-1.3.jar;C:\Users\testinium\.m2\repository\org\codehaus\mojo\animal-sniffer-annotations\1.18\animal-sniffer-annotations-1.18.jar;C:\Users\testinium\.m2\repository\io\grpc\grpc-netty-shaded\1.25.0\grpc-netty-shaded-1.25.0.jar;C:\Users\testinium\.m2\repository\io\grpc\grpc-core\1.25.0\grpc-core-1.25.0.jar;C:\Users\testinium\.m2\repository\io\grpc\grpc-api\1.25.0\grpc-api-1.25.0.jar;C:\Users\testinium\.m2\repository\io\grpc\grpc-context\1.25.0\grpc-context-1.25.0.jar;C:\Users\testinium\.m2\repository\com\google\android\annotations\4.1.1.4\annotations-4.1.1.4.jar;C:\Users\testinium\.m2\repository\io\perfmark\perfmark-api\0.19.0\perfmark-api-0.19.0.jar;C:\Users\testinium\.m2\repository\io\opencensus\opencensus-api\0.21.0\opencensus-api-0.21.0.jar;C:\Users\testinium\.m2\repository\io\opencensus\opencensus-contrib-grpc-metrics\0.21.0\opencensus-contrib-grpc-metrics-0.21.0.jar;C:\Users\testinium\.m2\repository\io\grpc\grpc-protobuf\1.24.1\grpc-protobuf-1.24.1.jar;C:\Users\testinium\.m2\repository\com\google\api\grpc\proto-google-common-protos\1.12.0\proto-google-common-protos-1.12.0.jar;C:\Users\testinium\.m2\repository\io\grpc\grpc-protobuf-lite\1.24.1\grpc-protobuf-lite-1.24.1.jar;C:\Users\testinium\.m2\repository\io\grpc\grpc-stub\1.24.1\grpc-stub-1.24.1.jar;C:\Users\testinium\.m2\repository\javax\annotation\javax.annotation-api\1.3.2\javax.annotation-api-1.3.2.jar;C:\Users\testinium\.m2\repository\io\appium\java-client\7.3.0\java-client-7.3.0.jar;C:\Users\testinium\.m2\repository\org\seleniumhq\selenium\selenium-java\3.141.59\selenium-java-3.141.59.jar;C:\Users\testinium\.m2\repository\org\seleniumhq\selenium\selenium-chrome-driver\3.141.59\selenium-chrome-driver-3.141.59.jar;C:\Users\testinium\.m2\repository\org\seleniumhq\selenium\selenium-edge-driver\3.141.59\selenium-edge-driver-3.141.59.jar;C:\Users\testinium\.m2\repository\org\seleniumhq\selenium\selenium-firefox-driver\3.141.59\selenium-firefox-driver-3.141.59.jar;C:\Users\testinium\.m2\repository\org\seleniumhq\selenium\selenium-ie-driver\3.141.59\selenium-ie-driver-3.141.59.jar;C:\Users\testinium\.m2\repository\org\seleniumhq\selenium\selenium-opera-driver\3.141.59\selenium-opera-driver-3.141.59.jar;C:\Users\testinium\.m2\repository\org\seleniumhq\selenium\selenium-remote-driver\3.141.59\selenium-remote-driver-3.141.59.jar;C:\Users\testinium\.m2\repository\org\seleniumhq\selenium\selenium-safari-driver\3.141.59\selenium-safari-driver-3.141.59.jar;C:\Users\testinium\.m2\repository\net\bytebuddy\byte-buddy\1.8.15\byte-buddy-1.8.15.jar;C:\Users\testinium\.m2\repository\org\apache\commons\commons-exec\1.3\commons-exec-1.3.jar;C:\Users\testinium\.m2\repository\com\squareup\okhttp3\okhttp\3.11.0\okhttp-3.11.0.jar;C:\Users\testinium\.m2\repository\com\squareup\okio\okio\1.14.0\okio-1.14.0.jar;C:\Users\testinium\.m2\repository\org\seleniumhq\selenium\selenium-support\3.141.59\selenium-support-3.141.59.jar;C:\Users\testinium\.m2\repository\org\seleniumhq\selenium\selenium-api\3.141.59\selenium-api-3.141.59.jar;C:\Users\testinium\.m2\repository\com\google\code\gson\gson\2.8.5\gson-2.8.5.jar;C:\Users\testinium\.m2\repository\org\apache\httpcomponents\httpclient\4.5.9\httpclient-4.5.9.jar;C:\Users\testinium\.m2\repository\org\apache\httpcomponents\httpcore\4.4.11\httpcore-4.4.11.jar;C:\Users\testinium\.m2\repository\commons-logging\commons-logging\1.2\commons-logging-1.2.jar;C:\Users\testinium\.m2\repository\commons-codec\commons-codec\1.11\commons-codec-1.11.jar;C:\Users\testinium\.m2\repository\cglib\cglib\3.2.12\cglib-3.2.12.jar;C:\Users\testinium\.m2\repository\org\ow2\asm\asm\7.1\asm-7.1.jar;C:\Users\testinium\.m2\repository\commons-validator\commons-validator\1.6\commons-validator-1.6.jar;C:\Users\testinium\.m2\repository\commons-beanutils\commons-beanutils\1.9.2\commons-beanutils-1.9.2.jar;C:\Users\testinium\.m2\repository\commons-digester\commons-digester\1.8.1\commons-digester-1.8.1.jar;C:\Users\testinium\.m2\repository\commons-collections\commons-collections\3.2.2\commons-collections-3.2.2.jar;C:\Users\testinium\.m2\repository\org\apache\commons\commons-lang3\3.9\commons-lang3-3.9.jar;C:\Users\testinium\.m2\repository\org\springframework\spring-context\5.1.8.RELEASE\spring-context-5.1.8.RELEASE.jar;C:\Users\testinium\.m2\repository\org\springframework\spring-aop\5.1.8.RELEASE\spring-aop-5.1.8.RELEASE.jar;C:\Users\testinium\.m2\repository\org\springframework\spring-beans\5.1.8.RELEASE\spring-beans-5.1.8.RELEASE.jar;C:\Users\testinium\.m2\repository\org\springframework\spring-core\5.1.8.RELEASE\spring-core-5.1.8.RELEASE.jar;C:\Users\testinium\.m2\repository\org\springframework\spring-jcl\5.1.8.RELEASE\spring-jcl-5.1.8.RELEASE.jar;C:\Users\testinium\.m2\repository\org\springframework\spring-expression\5.1.8.RELEASE\spring-expression-5.1.8.RELEASE.jar;C:\Users\testinium\.m2\repository\org\aspectj\aspectjweaver\1.9.4\aspectjweaver-1.9.4.jar;C:\Users\testinium\.m2\repository\org\slf4j\slf4j-api\1.7.30\slf4j-api-1.7.30.jar;C:\Users\testinium\.m2\repository\org\slf4j\slf4j-log4j12\1.7.30\slf4j-log4j12-1.7.30.jar;C:\Users\testinium\.m2\repository\log4j\log4j\1.2.17\log4j-1.2.17.jar
04-04-2022 13:05:53.975 [java] [DEBUG] found java executable in C:\Program Files\Java\jdk1.8.0_321\jre\bin\java.exe
04-04-2022 13:05:53.975 [java] [DEBUG] running - C:\Program Files\Java\jdk1.8.0_321\jre\bin\java.exe [-Dfile.encoding=UTF-8 com.thoughtworks.gauge.GaugeRuntime --start]
04-04-2022 13:05:53.975 [java] [DEBUG] stdout/stderr is logged to logs\13744-java.exe.out
04-04-2022 13:05:54.239 [java] [DEBUG] Connecting to port: 0
04-04-2022 13:05:54.254 [java] [CRITICAL] Error in thread 1
Format specifier '%!s(MISSING)'
java.util.MissingFormatArgumentException: Format specifier '%!s(MISSING)'
	at java.util.Formatter.format(Formatter.java:2519)
	at java.util.Formatter.format(Formatter.java:2455)
	at java.lang.String.format(String.java:2940)
	at com.thoughtworks.gauge.connection.GaugeConnector.connect(GaugeConnector.java:45)
	at com.thoughtworks.gauge.connection.GaugeConnector.makeConnectionsToGaugeCore(GaugeConnector.java:35)
	at com.thoughtworks.gauge.GaugeRuntime.makeConnection(GaugeRuntime.java:120)
	at com.thoughtworks.gauge.GaugeRuntime.connectSynchronously(GaugeRuntime.java:106)
	at com.thoughtworks.gauge.GaugeRuntime.startGaugeServer(GaugeRuntime.java:76)
	at com.thoughtworks.gauge.GaugeRuntime.main(GaugeRuntime.java:53)
04-04-2022 13:05:54.275 [java] [CRITICAL] process C:\Program Files\Java\jdk1.8.0_321\jre\bin\java.exe with pid 4396 quit unexpectedly. exit status 1
04-04-2022 13:05:54.284 [Gauge] [ERROR] Error occurred while waiting for runner process to finish.
Error : exit status 1
04-04-2022 13:06:19.548 [Gauge] [CRITICAL] Failed to start gauge API: Timed out connecting to java
04-04-2022 13:19:32.290 [Gauge] [DEBUG] Created gauge_screenshots_dir at C:\Users\testinium\IdeaProjects\seleniumproje\projeselenium\EducationGauge\OzdilekProje\.gauge\screenshots
04-04-2022 13:19:32.294 [Gauge] [DEBUG] Plugin java is already installed.
04-04-2022 13:19:32.295 [Gauge] [DEBUG] Plugin html-report is already installed.
04-04-2022 13:19:32.296 [Gauge] [DEBUG] Parsing started.
04-04-2022 13:19:32.296 [Gauge] [DEBUG] Started concepts parsing.
04-04-2022 13:19:32.301 [Gauge] [DEBUG] 1 concepts parsing completed.
04-04-2022 13:19:32.301 [Gauge] [DEBUG] Started specifications parsing.
04-04-2022 13:19:32.302 [Gauge] [DEBUG] 1 specifications parsing completed.
04-04-2022 13:19:32.302 [Gauge] [DEBUG] Parsing completed.
04-04-2022 13:19:32.411 [java] [DEBUG] ***** Printing Properties/Env Values *****
04-04-2022 13:19:32.411 [java] [DEBUG] PATH: C:\Windows\System32;C:\Users\testinium\AppData\Local\Microsoft\WindowsApps;C:\Program Files\JetBrains\IntelliJ IDEA Community Edition 2021.3.3\bin;C:\Users\testinium\AppData\Local\GitHubDesktop\bin;C:\Users\testinium\AppData\Local\Android\Sdk\platform-tools;C:\Users\testinium\AppData\Local\Android\Sdk\platforms;C:\Users\testinium\AppData\Local\Android\Sdk\build-tools;C:\Users\testinium\AppData\Local\Android\Sdk\tools;C:\Program Files\Java\jdk1.8.0_321\bin;C:\Program Files (x86)\Common Files\Oracle\Java\javapath;C:\Windows;C:\Windows\System32\Wbem;C:\Windows\System32\OpenSSH\;C:\Windows\System32\WindowsPowerShell\v1.0\;C:\Program Files\NVIDIA Corporation\NVIDIA NvDLISR;C:\Program Files\Git\cmd;C:\Program Files\nodejs\;C:\Program Files\apache-maven-3.8.5\bin;C:\Program Files (x86)\Micro Focus\Unified Functional Testing\bin;C:\Program Files\Gauge\bin;C:\Users\testinium\AppData\Local\Microsoft\WindowsApps;C:\Program Files\JetBrains\IntelliJ IDEA Community Edition 2021.3.3\bin;;C:\Users\testinium\AppData\Local\GitHubDesktop\bin;C:\Users\testinium\AppData\Local\Android\Sdk\platform-tools;C:\Users\testinium\AppData\Local\Android\Sdk\platforms;C:\Users\testinium\AppData\Local\Android\Sdk\build-tools;C:\Users\testinium\AppData\Local\Android\Sdk\platform-tools;C:\Users\testinium\AppData\Local\Android\Sdk\tools;%!A(MISSING)NDROID_HOME\build-tools%!;(MISSING)C:\Windows\System32;C:\Users\testinium\AppData\Local\Microsoft\WindowsApps;C:\Program Files\JetBrains\IntelliJ IDEA Community Edition 2021.3.3\bin;C:\Users\testinium\AppData\Local\GitHubDesktop\bin;C:\Users\testinium\AppData\Local\Android\Sdk\platform-tools;C:\Users\testinium\AppData\Local\Android\Sdk\platforms;C:\Users\testinium\AppData\Local\Android\Sdk\build-tools;C:\Users\testinium\AppData\Local\Android\Sdk\platform-tools;C:\Users\testinium\AppData\Local\Microsoft\WindowsApps;C:\Windows\System32;;C:\Users\testinium\AppData\Roaming\gauge\plugins\screenshot\0.0.1
04-04-2022 13:19:32.411 [java] [DEBUG] JAVA_HOME: C:\Program Files\Java\jdk1.8.0_321
04-04-2022 13:19:32.411 [java] [DEBUG] gauge_project_root: C:\Users\testinium\IdeaProjects\seleniumproje\projeselenium\EducationGauge\OzdilekProje
04-04-2022 13:19:32.411 [java] [DEBUG] gauge_parallel_streams_count: 
04-04-2022 13:19:32.411 [java] [DEBUG] gauge_reports_dir: reports
04-04-2022 13:19:32.411 [java] [DEBUG] overwrite_reports: true
04-04-2022 13:19:32.411 [java] [DEBUG] logs_directory: logs
04-04-2022 13:19:32.411 [java] [DEBUG] enable_multithreading: 
04-04-2022 13:19:32.411 [java] [DEBUG] gauge_specs_dir: specs
04-04-2022 13:19:32.411 [java] [DEBUG] csv_delimiter: ,
04-04-2022 13:19:32.411 [java] [DEBUG] gauge_java_home: 
04-04-2022 13:19:32.411 [java] [DEBUG] gauge_custom_build_path: 
04-04-2022 13:19:32.411 [java] [DEBUG] gauge_additional_libs: libs/*
04-04-2022 13:19:32.411 [java] [DEBUG] gauge_jvm_args: 
04-04-2022 13:19:32.411 [java] [DEBUG] gauge_custom_compile_dir: 
04-04-2022 13:19:32.411 [java] [DEBUG] gauge_clear_state_level: scenario
04-04-2022 13:19:32.411 [java] [DEBUG] ***** END *****
04-04-2022 13:19:33.474 [Gauge] [DEBUG] Checking updates...
04-04-2022 13:19:33.475 [Gauge] [DEBUG] Downloading https://downloads.gauge.org/plugin/html-report?l=java&p=html-report,java,screenshot,spectacle,xml-report&o=windows&a=386
04-04-2022 13:19:34.485 [Gauge] [DEBUG] Downloading https://downloads.gauge.org/plugin/java?l=java&p=html-report,java,screenshot,spectacle,xml-report&o=windows&a=386
04-04-2022 13:19:34.662 [Gauge] [DEBUG] Downloading https://downloads.gauge.org/plugin/screenshot?l=java&p=html-report,java,screenshot,spectacle,xml-report&o=windows&a=386
04-04-2022 13:19:34.807 [Gauge] [DEBUG] Downloading https://downloads.gauge.org/plugin/spectacle?l=java&p=html-report,java,screenshot,spectacle,xml-report&o=windows&a=386
04-04-2022 13:19:34.971 [Gauge] [DEBUG] Downloading https://downloads.gauge.org/plugin/xml-report?l=java&p=html-report,java,screenshot,spectacle,xml-report&o=windows&a=386
04-04-2022 13:19:35.566 [java] [ERROR] Installed version of gauge-java (0.8.1) does not match with dependency gauge-java (0.7.3) specified in pom.xml file
04-04-2022 13:19:35.567 [java] [DEBUG] classpath set to C:\Program Files\Java\jdk1.8.0_321\jre\lib\charsets.jar;C:\Program Files\Java\jdk1.8.0_321\jre\lib\deploy.jar;C:\Program Files\Java\jdk1.8.0_321\jre\lib\ext\access-bridge-64.jar;C:\Program Files\Java\jdk1.8.0_321\jre\lib\ext\cldrdata.jar;C:\Program Files\Java\jdk1.8.0_321\jre\lib\ext\dnsns.jar;C:\Program Files\Java\jdk1.8.0_321\jre\lib\ext\jaccess.jar;C:\Program Files\Java\jdk1.8.0_321\jre\lib\ext\jfxrt.jar;C:\Program Files\Java\jdk1.8.0_321\jre\lib\ext\localedata.jar;C:\Program Files\Java\jdk1.8.0_321\jre\lib\ext\nashorn.jar;C:\Program Files\Java\jdk1.8.0_321\jre\lib\ext\sunec.jar;C:\Program Files\Java\jdk1.8.0_321\jre\lib\ext\sunjce_provider.jar;C:\Program Files\Java\jdk1.8.0_321\jre\lib\ext\sunmscapi.jar;C:\Program Files\Java\jdk1.8.0_321\jre\lib\ext\sunpkcs11.jar;C:\Program Files\Java\jdk1.8.0_321\jre\lib\ext\zipfs.jar;C:\Program Files\Java\jdk1.8.0_321\jre\lib\javaws.jar;C:\Program Files\Java\jdk1.8.0_321\jre\lib\jce.jar;C:\Program Files\Java\jdk1.8.0_321\jre\lib\jfr.jar;C:\Program Files\Java\jdk1.8.0_321\jre\lib\jfxswt.jar;C:\Program Files\Java\jdk1.8.0_321\jre\lib\jsse.jar;C:\Program Files\Java\jdk1.8.0_321\jre\lib\management-agent.jar;C:\Program Files\Java\jdk1.8.0_321\jre\lib\plugin.jar;C:\Program Files\Java\jdk1.8.0_321\jre\lib\resources.jar;C:\Program Files\Java\jdk1.8.0_321\jre\lib\rt.jar;C:\Users\testinium\IdeaProjects\seleniumproje\projeselenium\EducationGauge\OzdilekProje\target\test-classes;C:\Users\testinium\.m2\repository\junit\junit\4.12\junit-4.12.jar;C:\Users\testinium\.m2\repository\org\hamcrest\hamcrest-core\1.3\hamcrest-core-1.3.jar;C:\Users\testinium\.m2\repository\com\thoughtworks\gauge\gauge-java\0.7.3\gauge-java-0.7.3.jar;C:\Users\testinium\.m2\repository\org\assertj\assertj-core\3.14.0\assertj-core-3.14.0.jar;C:\Users\testinium\.m2\repository\org\reflections\reflections\0.9.11\reflections-0.9.11.jar;C:\Users\testinium\.m2\repository\org\javassist\javassist\3.21.0-GA\javassist-3.21.0-GA.jar;C:\Users\testinium\.m2\repository\com\github\javaparser\javaparser-core\2.5.1\javaparser-core-2.5.1.jar;C:\Users\testinium\.m2\repository\commons-io\commons-io\2.6\commons-io-2.6.jar;C:\Users\testinium\.m2\repository\commons-lang\commons-lang\2.6\commons-lang-2.6.jar;C:\Users\testinium\.m2\repository\org\json\json\20190722\json-20190722.jar;C:\Users\testinium\.m2\repository\com\google\protobuf\protobuf-java\3.10.0\protobuf-java-3.10.0.jar;C:\Users\testinium\.m2\repository\com\google\guava\guava\28.1-jre\guava-28.1-jre.jar;C:\Users\testinium\.m2\repository\com\google\guava\failureaccess\1.0.1\failureaccess-1.0.1.jar;C:\Users\testinium\.m2\repository\com\google\guava\listenablefuture\9999.0-empty-to-avoid-conflict-with-guava\listenablefuture-9999.0-empty-to-avoid-conflict-with-guava.jar;C:\Users\testinium\.m2\repository\com\google\code\findbugs\jsr305\3.0.2\jsr305-3.0.2.jar;C:\Users\testinium\.m2\repository\org\checkerframework\checker-qual\2.8.1\checker-qual-2.8.1.jar;C:\Users\testinium\.m2\repository\com\google\errorprone\error_prone_annotations\2.3.2\error_prone_annotations-2.3.2.jar;C:\Users\testinium\.m2\repository\com\google\j2objc\j2objc-annotations\1.3\j2objc-annotations-1.3.jar;C:\Users\testinium\.m2\repository\org\codehaus\mojo\animal-sniffer-annotations\1.18\animal-sniffer-annotations-1.18.jar;C:\Users\testinium\.m2\repository\io\grpc\grpc-netty-shaded\1.25.0\grpc-netty-shaded-1.25.0.jar;C:\Users\testinium\.m2\repository\io\grpc\grpc-core\1.25.0\grpc-core-1.25.0.jar;C:\Users\testinium\.m2\repository\io\grpc\grpc-api\1.25.0\grpc-api-1.25.0.jar;C:\Users\testinium\.m2\repository\io\grpc\grpc-context\1.25.0\grpc-context-1.25.0.jar;C:\Users\testinium\.m2\repository\com\google\android\annotations\4.1.1.4\annotations-4.1.1.4.jar;C:\Users\testinium\.m2\repository\io\perfmark\perfmark-api\0.19.0\perfmark-api-0.19.0.jar;C:\Users\testinium\.m2\repository\io\opencensus\opencensus-api\0.21.0\opencensus-api-0.21.0.jar;C:\Users\testinium\.m2\repository\io\opencensus\opencensus-contrib-grpc-metrics\0.21.0\opencensus-contrib-grpc-metrics-0.21.0.jar;C:\Users\testinium\.m2\repository\io\grpc\grpc-protobuf\1.24.1\grpc-protobuf-1.24.1.jar;C:\Users\testinium\.m2\repository\com\google\api\grpc\proto-google-common-protos\1.12.0\proto-google-common-protos-1.12.0.jar;C:\Users\testinium\.m2\repository\io\grpc\grpc-protobuf-lite\1.24.1\grpc-protobuf-lite-1.24.1.jar;C:\Users\testinium\.m2\repository\io\grpc\grpc-stub\1.24.1\grpc-stub-1.24.1.jar;C:\Users\testinium\.m2\repository\javax\annotation\javax.annotation-api\1.3.2\javax.annotation-api-1.3.2.jar;C:\Users\testinium\.m2\repository\io\appium\java-client\7.3.0\java-client-7.3.0.jar;C:\Users\testinium\.m2\repository\org\seleniumhq\selenium\selenium-java\3.141.59\selenium-java-3.141.59.jar;C:\Users\testinium\.m2\repository\org\seleniumhq\selenium\selenium-chrome-driver\3.141.59\selenium-chrome-driver-3.141.59.jar;C:\Users\testinium\.m2\repository\org\seleniumhq\selenium\selenium-edge-driver\3.141.59\selenium-edge-driver-3.141.59.jar;C:\Users\testinium\.m2\repository\org\seleniumhq\selenium\selenium-firefox-driver\3.141.59\selenium-firefox-driver-3.141.59.jar;C:\Users\testinium\.m2\repository\org\seleniumhq\selenium\selenium-ie-driver\3.141.59\selenium-ie-driver-3.141.59.jar;C:\Users\testinium\.m2\repository\org\seleniumhq\selenium\selenium-opera-driver\3.141.59\selenium-opera-driver-3.141.59.jar;C:\Users\testinium\.m2\repository\org\seleniumhq\selenium\selenium-remote-driver\3.141.59\selenium-remote-driver-3.141.59.jar;C:\Users\testinium\.m2\repository\org\seleniumhq\selenium\selenium-safari-driver\3.141.59\selenium-safari-driver-3.141.59.jar;C:\Users\testinium\.m2\repository\net\bytebuddy\byte-buddy\1.8.15\byte-buddy-1.8.15.jar;C:\Users\testinium\.m2\repository\org\apache\commons\commons-exec\1.3\commons-exec-1.3.jar;C:\Users\testinium\.m2\repository\com\squareup\okhttp3\okhttp\3.11.0\okhttp-3.11.0.jar;C:\Users\testinium\.m2\repository\com\squareup\okio\okio\1.14.0\okio-1.14.0.jar;C:\Users\testinium\.m2\repository\org\seleniumhq\selenium\selenium-support\3.141.59\selenium-support-3.141.59.jar;C:\Users\testinium\.m2\repository\org\seleniumhq\selenium\selenium-api\3.141.59\selenium-api-3.141.59.jar;C:\Users\testinium\.m2\repository\com\google\code\gson\gson\2.8.5\gson-2.8.5.jar;C:\Users\testinium\.m2\repository\org\apache\httpcomponents\httpclient\4.5.9\httpclient-4.5.9.jar;C:\Users\testinium\.m2\repository\org\apache\httpcomponents\httpcore\4.4.11\httpcore-4.4.11.jar;C:\Users\testinium\.m2\repository\commons-logging\commons-logging\1.2\commons-logging-1.2.jar;C:\Users\testinium\.m2\repository\commons-codec\commons-codec\1.11\commons-codec-1.11.jar;C:\Users\testinium\.m2\repository\cglib\cglib\3.2.12\cglib-3.2.12.jar;C:\Users\testinium\.m2\repository\org\ow2\asm\asm\7.1\asm-7.1.jar;C:\Users\testinium\.m2\repository\commons-validator\commons-validator\1.6\commons-validator-1.6.jar;C:\Users\testinium\.m2\repository\commons-beanutils\commons-beanutils\1.9.2\commons-beanutils-1.9.2.jar;C:\Users\testinium\.m2\repository\commons-digester\commons-digester\1.8.1\commons-digester-1.8.1.jar;C:\Users\testinium\.m2\repository\commons-collections\commons-collections\3.2.2\commons-collections-3.2.2.jar;C:\Users\testinium\.m2\repository\org\apache\commons\commons-lang3\3.9\commons-lang3-3.9.jar;C:\Users\testinium\.m2\repository\org\springframework\spring-context\5.1.8.RELEASE\spring-context-5.1.8.RELEASE.jar;C:\Users\testinium\.m2\repository\org\springframework\spring-aop\5.1.8.RELEASE\spring-aop-5.1.8.RELEASE.jar;C:\Users\testinium\.m2\repository\org\springframework\spring-beans\5.1.8.RELEASE\spring-beans-5.1.8.RELEASE.jar;C:\Users\testinium\.m2\repository\org\springframework\spring-core\5.1.8.RELEASE\spring-core-5.1.8.RELEASE.jar;C:\Users\testinium\.m2\repository\org\springframework\spring-jcl\5.1.8.RELEASE\spring-jcl-5.1.8.RELEASE.jar;C:\Users\testinium\.m2\repository\org\springframework\spring-expression\5.1.8.RELEASE\spring-expression-5.1.8.RELEASE.jar;C:\Users\testinium\.m2\repository\org\aspectj\aspectjweaver\1.9.4\aspectjweaver-1.9.4.jar;C:\Users\testinium\.m2\repository\org\slf4j\slf4j-api\1.7.30\slf4j-api-1.7.30.jar;C:\Users\testinium\.m2\repository\org\slf4j\slf4j-log4j12\1.7.30\slf4j-log4j12-1.7.30.jar;C:\Users\testinium\.m2\repository\log4j\log4j\1.2.17\log4j-1.2.17.jar
04-04-2022 13:19:35.642 [java] [DEBUG] found java executable in C:\Program Files\Java\jdk1.8.0_321\jre\bin\java.exe
04-04-2022 13:19:35.642 [java] [DEBUG] running - C:\Program Files\Java\jdk1.8.0_321\jre\bin\java.exe [-Dfile.encoding=UTF-8 com.thoughtworks.gauge.GaugeRuntime --start]
04-04-2022 13:19:35.642 [java] [DEBUG] stdout/stderr is logged to logs\13244-java.exe.out
04-04-2022 13:19:35.830 [java] [DEBUG] Connecting to port: 0
04-04-2022 13:19:35.841 [java] [CRITICAL] Error in thread 1
Format specifier '%!s(MISSING)'
java.util.MissingFormatArgumentException: Format specifier '%!s(MISSING)'
	at java.util.Formatter.format(Formatter.java:2519)
	at java.util.Formatter.format(Formatter.java:2455)
	at java.lang.String.format(String.java:2940)
	at com.thoughtworks.gauge.connection.GaugeConnector.connect(GaugeConnector.java:45)
	at com.thoughtworks.gauge.connection.GaugeConnector.makeConnectionsToGaugeCore(GaugeConnector.java:35)
	at com.thoughtworks.gauge.GaugeRuntime.makeConnection(GaugeRuntime.java:120)
	at com.thoughtworks.gauge.GaugeRuntime.connectSynchronously(GaugeRuntime.java:106)
	at com.thoughtworks.gauge.GaugeRuntime.startGaugeServer(GaugeRuntime.java:76)
	at com.thoughtworks.gauge.GaugeRuntime.main(GaugeRuntime.java:53)
04-04-2022 13:19:35.874 [java] [CRITICAL] process C:\Program Files\Java\jdk1.8.0_321\jre\bin\java.exe with pid 13132 quit unexpectedly. exit status 1
04-04-2022 13:19:35.882 [Gauge] [ERROR] Error occurred while waiting for runner process to finish.
Error : exit status 1
04-04-2022 13:20:02.396 [Gauge] [CRITICAL] Failed to start gauge API: Timed out connecting to java
04-04-2022 16:43:14.453 [Gauge] [DEBUG] Created gauge_screenshots_dir at C:\Users\testinium\IdeaProjects\seleniumproje\projeselenium\EducationGauge\OzdilekProje\.gauge\screenshots
04-04-2022 16:43:14.477 [Gauge] [DEBUG] Plugin java is already installed.
04-04-2022 16:43:14.483 [Gauge] [DEBUG] Plugin html-report is already installed.
04-04-2022 16:43:14.484 [Gauge] [DEBUG] Parsing started.
04-04-2022 16:43:14.484 [Gauge] [DEBUG] Started concepts parsing.
04-04-2022 16:43:14.499 [Gauge] [ERROR] Concept parse failure: C:\Users\testinium\IdeaProjects\seleniumproje\projeselenium\EducationGauge\OzdilekProje\specs\MainConcept.cpt C:\Users\testinium\IdeaProjects\seleniumproje\projeselenium\EducationGauge\OzdilekProje\specs\MainConcept.cpt:35 Dynamic parameter <int> could not be resolved => '<int> saniye bekle'
04-04-2022 16:43:14.499 [Gauge] [ERROR] [ParseError] C:\Users\testinium\IdeaProjects\seleniumproje\projeselenium\EducationGauge\OzdilekProje\specs\MainConcept.cpt:35 Dynamic parameter <int> could not be resolved => '<int> saniye bekle'
04-04-2022 16:43:14.499 [Gauge] [ERROR] [ParseError] C:\Users\testinium\IdeaProjects\seleniumproje\projeselenium\EducationGauge\OzdilekProje\specs\MainConcept.cpt:23 Circular reference found in concept. "menüden kadın seçeneğine tıklanır" => C:\Users\testinium\IdeaProjects\seleniumproje\projeselenium\EducationGauge\OzdilekProje\specs\MainConcept.cpt:21 => 'menüden kadın seçeneğine tıklanır'
04-04-2022 16:43:14.499 [Gauge] [ERROR] [ParseError] C:\Users\testinium\IdeaProjects\seleniumproje\projeselenium\EducationGauge\OzdilekProje\specs\MainConcept.cpt:21 Circular reference found in concept. "menüden kadın seçeneğine tıklanır" => C:\Users\testinium\IdeaProjects\seleniumproje\projeselenium\EducationGauge\OzdilekProje\specs\MainConcept.cpt:23 => 'menüden kadın seçeneğine tıklanır'
04-04-2022 16:43:14.499 [Gauge] [DEBUG] 9 concepts parsing completed.
04-04-2022 16:43:14.500 [Gauge] [DEBUG] Started specifications parsing.
04-04-2022 16:43:14.507 [Gauge] [DEBUG] 1 specifications parsing completed.
04-04-2022 16:43:14.508 [Gauge] [DEBUG] Parsing completed.
04-04-2022 16:43:15.299 [Gauge] [DEBUG] Checking updates...
04-04-2022 16:43:15.301 [Gauge] [DEBUG] Downloading https://downloads.gauge.org/plugin/html-report?l=java&p=html-report,java,screenshot,spectacle,xml-report&o=windows&a=386
04-04-2022 16:43:15.315 [java] [DEBUG] ***** Printing Properties/Env Values *****
04-04-2022 16:43:15.316 [java] [DEBUG] PATH: C:\Windows\System32;C:\Users\testinium\AppData\Local\Microsoft\WindowsApps;C:\Program Files\JetBrains\IntelliJ IDEA Community Edition 2021.3.3\bin;C:\Users\testinium\AppData\Local\GitHubDesktop\bin;C:\Users\testinium\AppData\Local\Android\Sdk\platform-tools;C:\Users\testinium\AppData\Local\Android\Sdk\platforms;C:\Users\testinium\AppData\Local\Android\Sdk\build-tools;C:\Users\testinium\AppData\Local\Android\Sdk\tools;C:\Program Files\Java\jdk1.8.0_321\bin;C:\Program Files (x86)\Common Files\Oracle\Java\javapath;C:\Windows;C:\Windows\System32\Wbem;C:\Windows\System32\OpenSSH\;C:\Windows\System32\WindowsPowerShell\v1.0\;C:\Program Files\NVIDIA Corporation\NVIDIA NvDLISR;C:\Program Files\Git\cmd;C:\Program Files\nodejs\;C:\Program Files\apache-maven-3.8.5\bin;C:\Program Files (x86)\Micro Focus\Unified Functional Testing\bin;C:\Program Files\Gauge\bin;C:\Users\testinium\AppData\Local\Microsoft\WindowsApps;C:\Program Files\JetBrains\IntelliJ IDEA Community Edition 2021.3.3\bin;;C:\Users\testinium\AppData\Local\GitHubDesktop\bin;C:\Users\testinium\AppData\Local\Android\Sdk\platform-tools;C:\Users\testinium\AppData\Local\Android\Sdk\platforms;C:\Users\testinium\AppData\Local\Android\Sdk\build-tools;C:\Users\testinium\AppData\Local\Android\Sdk\platform-tools;C:\Users\testinium\AppData\Local\Android\Sdk\tools;%!A(MISSING)NDROID_HOME\build-tools%!;(MISSING)C:\Windows\System32;C:\Users\testinium\AppData\Local\Microsoft\WindowsApps;C:\Program Files\JetBrains\IntelliJ IDEA Community Edition 2021.3.3\bin;C:\Users\testinium\AppData\Local\GitHubDesktop\bin;C:\Users\testinium\AppData\Local\Android\Sdk\platform-tools;C:\Users\testinium\AppData\Local\Android\Sdk\platforms;C:\Users\testinium\AppData\Local\Android\Sdk\build-tools;C:\Users\testinium\AppData\Local\Android\Sdk\platform-tools;C:\Users\testinium\AppData\Local\Microsoft\WindowsApps;C:\Windows\System32;;C:\Users\testinium\AppData\Roaming\gauge\plugins\screenshot\0.0.1
04-04-2022 16:43:15.316 [java] [DEBUG] JAVA_HOME: C:\Program Files\Java\jdk1.8.0_321
04-04-2022 16:43:15.316 [java] [DEBUG] gauge_project_root: C:\Users\testinium\IdeaProjects\seleniumproje\projeselenium\EducationGauge\OzdilekProje
04-04-2022 16:43:15.316 [java] [DEBUG] gauge_parallel_streams_count: 
04-04-2022 16:43:15.316 [java] [DEBUG] gauge_reports_dir: reports
04-04-2022 16:43:15.316 [java] [DEBUG] overwrite_reports: true
04-04-2022 16:43:15.316 [java] [DEBUG] logs_directory: logs
04-04-2022 16:43:15.316 [java] [DEBUG] enable_multithreading: 
04-04-2022 16:43:15.316 [java] [DEBUG] gauge_specs_dir: specs
04-04-2022 16:43:15.316 [java] [DEBUG] csv_delimiter: ,
04-04-2022 16:43:15.316 [java] [DEBUG] gauge_java_home: 
04-04-2022 16:43:15.316 [java] [DEBUG] gauge_custom_build_path: 
04-04-2022 16:43:15.316 [java] [DEBUG] gauge_additional_libs: libs/*
04-04-2022 16:43:15.316 [java] [DEBUG] gauge_jvm_args: 
04-04-2022 16:43:15.316 [java] [DEBUG] gauge_custom_compile_dir: 
04-04-2022 16:43:15.316 [java] [DEBUG] gauge_clear_state_level: scenario
04-04-2022 16:43:15.316 [java] [DEBUG] ***** END *****
04-04-2022 16:43:15.934 [Gauge] [DEBUG] Downloading https://downloads.gauge.org/plugin/java?l=java&p=html-report,java,screenshot,spectacle,xml-report&o=windows&a=386
04-04-2022 16:43:16.095 [Gauge] [DEBUG] Downloading https://downloads.gauge.org/plugin/screenshot?l=java&p=html-report,java,screenshot,spectacle,xml-report&o=windows&a=386
04-04-2022 16:43:16.253 [Gauge] [DEBUG] Downloading https://downloads.gauge.org/plugin/spectacle?l=java&p=html-report,java,screenshot,spectacle,xml-report&o=windows&a=386
04-04-2022 16:43:16.418 [Gauge] [DEBUG] Downloading https://downloads.gauge.org/plugin/xml-report?l=java&p=html-report,java,screenshot,spectacle,xml-report&o=windows&a=386
04-04-2022 16:43:18.142 [java] [ERROR] Installed version of gauge-java (0.8.1) does not match with dependency gauge-java (0.7.3) specified in pom.xml file
04-04-2022 16:43:18.142 [java] [DEBUG] classpath set to C:\Program Files\Java\jdk1.8.0_321\jre\lib\charsets.jar;C:\Program Files\Java\jdk1.8.0_321\jre\lib\deploy.jar;C:\Program Files\Java\jdk1.8.0_321\jre\lib\ext\access-bridge-64.jar;C:\Program Files\Java\jdk1.8.0_321\jre\lib\ext\cldrdata.jar;C:\Program Files\Java\jdk1.8.0_321\jre\lib\ext\dnsns.jar;C:\Program Files\Java\jdk1.8.0_321\jre\lib\ext\jaccess.jar;C:\Program Files\Java\jdk1.8.0_321\jre\lib\ext\jfxrt.jar;C:\Program Files\Java\jdk1.8.0_321\jre\lib\ext\localedata.jar;C:\Program Files\Java\jdk1.8.0_321\jre\lib\ext\nashorn.jar;C:\Program Files\Java\jdk1.8.0_321\jre\lib\ext\sunec.jar;C:\Program Files\Java\jdk1.8.0_321\jre\lib\ext\sunjce_provider.jar;C:\Program Files\Java\jdk1.8.0_321\jre\lib\ext\sunmscapi.jar;C:\Program Files\Java\jdk1.8.0_321\jre\lib\ext\sunpkcs11.jar;C:\Program Files\Java\jdk1.8.0_321\jre\lib\ext\zipfs.jar;C:\Program Files\Java\jdk1.8.0_321\jre\lib\javaws.jar;C:\Program Files\Java\jdk1.8.0_321\jre\lib\jce.jar;C:\Program Files\Java\jdk1.8.0_321\jre\lib\jfr.jar;C:\Program Files\Java\jdk1.8.0_321\jre\lib\jfxswt.jar;C:\Program Files\Java\jdk1.8.0_321\jre\lib\jsse.jar;C:\Program Files\Java\jdk1.8.0_321\jre\lib\management-agent.jar;C:\Program Files\Java\jdk1.8.0_321\jre\lib\plugin.jar;C:\Program Files\Java\jdk1.8.0_321\jre\lib\resources.jar;C:\Program Files\Java\jdk1.8.0_321\jre\lib\rt.jar;C:\Users\testinium\IdeaProjects\seleniumproje\projeselenium\EducationGauge\OzdilekProje\target\test-classes;C:\Users\testinium\.m2\repository\junit\junit\4.12\junit-4.12.jar;C:\Users\testinium\.m2\repository\org\hamcrest\hamcrest-core\1.3\hamcrest-core-1.3.jar;C:\Users\testinium\.m2\repository\com\thoughtworks\gauge\gauge-java\0.7.3\gauge-java-0.7.3.jar;C:\Users\testinium\.m2\repository\org\assertj\assertj-core\3.14.0\assertj-core-3.14.0.jar;C:\Users\testinium\.m2\repository\org\reflections\reflections\0.9.11\reflections-0.9.11.jar;C:\Users\testinium\.m2\repository\org\javassist\javassist\3.21.0-GA\javassist-3.21.0-GA.jar;C:\Users\testinium\.m2\repository\com\github\javaparser\javaparser-core\2.5.1\javaparser-core-2.5.1.jar;C:\Users\testinium\.m2\repository\commons-io\commons-io\2.6\commons-io-2.6.jar;C:\Users\testinium\.m2\repository\commons-lang\commons-lang\2.6\commons-lang-2.6.jar;C:\Users\testinium\.m2\repository\org\json\json\20190722\json-20190722.jar;C:\Users\testinium\.m2\repository\com\google\protobuf\protobuf-java\3.10.0\protobuf-java-3.10.0.jar;C:\Users\testinium\.m2\repository\com\google\guava\guava\28.1-jre\guava-28.1-jre.jar;C:\Users\testinium\.m2\repository\com\google\guava\failureaccess\1.0.1\failureaccess-1.0.1.jar;C:\Users\testinium\.m2\repository\com\google\guava\listenablefuture\9999.0-empty-to-avoid-conflict-with-guava\listenablefuture-9999.0-empty-to-avoid-conflict-with-guava.jar;C:\Users\testinium\.m2\repository\com\google\code\findbugs\jsr305\3.0.2\jsr305-3.0.2.jar;C:\Users\testinium\.m2\repository\org\checkerframework\checker-qual\2.8.1\checker-qual-2.8.1.jar;C:\Users\testinium\.m2\repository\com\google\errorprone\error_prone_annotations\2.3.2\error_prone_annotations-2.3.2.jar;C:\Users\testinium\.m2\repository\com\google\j2objc\j2objc-annotations\1.3\j2objc-annotations-1.3.jar;C:\Users\testinium\.m2\repository\org\codehaus\mojo\animal-sniffer-annotations\1.18\animal-sniffer-annotations-1.18.jar;C:\Users\testinium\.m2\repository\io\grpc\grpc-netty-shaded\1.25.0\grpc-netty-shaded-1.25.0.jar;C:\Users\testinium\.m2\repository\io\grpc\grpc-core\1.25.0\grpc-core-1.25.0.jar;C:\Users\testinium\.m2\repository\io\grpc\grpc-api\1.25.0\grpc-api-1.25.0.jar;C:\Users\testinium\.m2\repository\io\grpc\grpc-context\1.25.0\grpc-context-1.25.0.jar;C:\Users\testinium\.m2\repository\com\google\android\annotations\4.1.1.4\annotations-4.1.1.4.jar;C:\Users\testinium\.m2\repository\io\perfmark\perfmark-api\0.19.0\perfmark-api-0.19.0.jar;C:\Users\testinium\.m2\repository\io\opencensus\opencensus-api\0.21.0\opencensus-api-0.21.0.jar;C:\Users\testinium\.m2\repository\io\opencensus\opencensus-contrib-grpc-metrics\0.21.0\opencensus-contrib-grpc-metrics-0.21.0.jar;C:\Users\testinium\.m2\repository\io\grpc\grpc-protobuf\1.24.1\grpc-protobuf-1.24.1.jar;C:\Users\testinium\.m2\repository\com\google\api\grpc\proto-google-common-protos\1.12.0\proto-google-common-protos-1.12.0.jar;C:\Users\testinium\.m2\repository\io\grpc\grpc-protobuf-lite\1.24.1\grpc-protobuf-lite-1.24.1.jar;C:\Users\testinium\.m2\repository\io\grpc\grpc-stub\1.24.1\grpc-stub-1.24.1.jar;C:\Users\testinium\.m2\repository\javax\annotation\javax.annotation-api\1.3.2\javax.annotation-api-1.3.2.jar;C:\Users\testinium\.m2\repository\io\appium\java-client\7.3.0\java-client-7.3.0.jar;C:\Users\testinium\.m2\repository\org\seleniumhq\selenium\selenium-java\3.141.59\selenium-java-3.141.59.jar;C:\Users\testinium\.m2\repository\org\seleniumhq\selenium\selenium-chrome-driver\3.141.59\selenium-chrome-driver-3.141.59.jar;C:\Users\testinium\.m2\repository\org\seleniumhq\selenium\selenium-edge-driver\3.141.59\selenium-edge-driver-3.141.59.jar;C:\Users\testinium\.m2\repository\org\seleniumhq\selenium\selenium-firefox-driver\3.141.59\selenium-firefox-driver-3.141.59.jar;C:\Users\testinium\.m2\repository\org\seleniumhq\selenium\selenium-ie-driver\3.141.59\selenium-ie-driver-3.141.59.jar;C:\Users\testinium\.m2\repository\org\seleniumhq\selenium\selenium-opera-driver\3.141.59\selenium-opera-driver-3.141.59.jar;C:\Users\testinium\.m2\repository\org\seleniumhq\selenium\selenium-remote-driver\3.141.59\selenium-remote-driver-3.141.59.jar;C:\Users\testinium\.m2\repository\org\seleniumhq\selenium\selenium-safari-driver\3.141.59\selenium-safari-driver-3.141.59.jar;C:\Users\testinium\.m2\repository\net\bytebuddy\byte-buddy\1.8.15\byte-buddy-1.8.15.jar;C:\Users\testinium\.m2\repository\org\apache\commons\commons-exec\1.3\commons-exec-1.3.jar;C:\Users\testinium\.m2\repository\com\squareup\okhttp3\okhttp\3.11.0\okhttp-3.11.0.jar;C:\Users\testinium\.m2\repository\com\squareup\okio\okio\1.14.0\okio-1.14.0.jar;C:\Users\testinium\.m2\repository\org\seleniumhq\selenium\selenium-support\3.141.59\selenium-support-3.141.59.jar;C:\Users\testinium\.m2\repository\org\seleniumhq\selenium\selenium-api\3.141.59\selenium-api-3.141.59.jar;C:\Users\testinium\.m2\repository\com\google\code\gson\gson\2.8.5\gson-2.8.5.jar;C:\Users\testinium\.m2\repository\org\apache\httpcomponents\httpclient\4.5.9\httpclient-4.5.9.jar;C:\Users\testinium\.m2\repository\org\apache\httpcomponents\httpcore\4.4.11\httpcore-4.4.11.jar;C:\Users\testinium\.m2\repository\commons-logging\commons-logging\1.2\commons-logging-1.2.jar;C:\Users\testinium\.m2\repository\commons-codec\commons-codec\1.11\commons-codec-1.11.jar;C:\Users\testinium\.m2\repository\cglib\cglib\3.2.12\cglib-3.2.12.jar;C:\Users\testinium\.m2\repository\org\ow2\asm\asm\7.1\asm-7.1.jar;C:\Users\testinium\.m2\repository\commons-validator\commons-validator\1.6\commons-validator-1.6.jar;C:\Users\testinium\.m2\repository\commons-beanutils\commons-beanutils\1.9.2\commons-beanutils-1.9.2.jar;C:\Users\testinium\.m2\repository\commons-digester\commons-digester\1.8.1\commons-digester-1.8.1.jar;C:\Users\testinium\.m2\repository\commons-collections\commons-collections\3.2.2\commons-collections-3.2.2.jar;C:\Users\testinium\.m2\repository\org\apache\commons\commons-lang3\3.9\commons-lang3-3.9.jar;C:\Users\testinium\.m2\repository\org\springframework\spring-context\5.1.8.RELEASE\spring-context-5.1.8.RELEASE.jar;C:\Users\testinium\.m2\repository\org\springframework\spring-aop\5.1.8.RELEASE\spring-aop-5.1.8.RELEASE.jar;C:\Users\testinium\.m2\repository\org\springframework\spring-beans\5.1.8.RELEASE\spring-beans-5.1.8.RELEASE.jar;C:\Users\testinium\.m2\repository\org\springframework\spring-core\5.1.8.RELEASE\spring-core-5.1.8.RELEASE.jar;C:\Users\testinium\.m2\repository\org\springframework\spring-jcl\5.1.8.RELEASE\spring-jcl-5.1.8.RELEASE.jar;C:\Users\testinium\.m2\repository\org\springframework\spring-expression\5.1.8.RELEASE\spring-expression-5.1.8.RELEASE.jar;C:\Users\testinium\.m2\repository\org\aspectj\aspectjweaver\1.9.4\aspectjweaver-1.9.4.jar;C:\Users\testinium\.m2\repository\org\slf4j\slf4j-api\1.7.30\slf4j-api-1.7.30.jar;C:\Users\testinium\.m2\repository\org\slf4j\slf4j-log4j12\1.7.30\slf4j-log4j12-1.7.30.jar;C:\Users\testinium\.m2\repository\log4j\log4j\1.2.17\log4j-1.2.17.jar
04-04-2022 16:43:18.310 [java] [DEBUG] found java executable in C:\Program Files\Java\jdk1.8.0_321\jre\bin\java.exe
04-04-2022 16:43:18.311 [java] [DEBUG] running - C:\Program Files\Java\jdk1.8.0_321\jre\bin\java.exe [-Dfile.encoding=UTF-8 com.thoughtworks.gauge.GaugeRuntime --start]
04-04-2022 16:43:18.311 [java] [DEBUG] stdout/stderr is logged to logs\17036-java.exe.out
04-04-2022 16:43:18.712 [java] [DEBUG] Connecting to port: 0
04-04-2022 16:43:18.727 [java] [CRITICAL] Error in thread 1
Format specifier '%!s(MISSING)'
java.util.MissingFormatArgumentException: Format specifier '%!s(MISSING)'
	at java.util.Formatter.format(Formatter.java:2519)
	at java.util.Formatter.format(Formatter.java:2455)
	at java.lang.String.format(String.java:2940)
	at com.thoughtworks.gauge.connection.GaugeConnector.connect(GaugeConnector.java:45)
	at com.thoughtworks.gauge.connection.GaugeConnector.makeConnectionsToGaugeCore(GaugeConnector.java:35)
	at com.thoughtworks.gauge.GaugeRuntime.makeConnection(GaugeRuntime.java:120)
	at com.thoughtworks.gauge.GaugeRuntime.connectSynchronously(GaugeRuntime.java:106)
	at com.thoughtworks.gauge.GaugeRuntime.startGaugeServer(GaugeRuntime.java:76)
	at com.thoughtworks.gauge.GaugeRuntime.main(GaugeRuntime.java:53)
04-04-2022 16:43:18.745 [java] [CRITICAL] process C:\Program Files\Java\jdk1.8.0_321\jre\bin\java.exe with pid 14460 quit unexpectedly. exit status 1
04-04-2022 16:43:18.771 [Gauge] [ERROR] Error occurred while waiting for runner process to finish.
Error : exit status 1
04-04-2022 16:43:45.312 [Gauge] [CRITICAL] Failed to start gauge API: Timed out connecting to java
